make a line increasing in size and changing directions
:|1 2 3 4 5 6 7 8 9 0 1 2 3 4 5 6 |:
:|________________________________|:
:|. . . . . . . . . . . . . . . . |:1
:| . . . . . . . . . . . . . . . .|:2
:|. . . . . . . . . . . . . . . . |:3
:| . . . . . . . . . . . . . . . .|:4
:|. . . . . . . . . . . . . . . . |:5
:| . . . . . . . . . . . . . . . .|:6
:|. . . . . . . . . . . . . . . . |:7
:| . . . . . . . . . . . . . . . .|:8
:|. . . . . . . . . . . . . . . . |:9
:| . . . . . . . . . . . . . . . .|:10
:|. . . . . . . . . . . . . . . . |:11
:| . . . . . . . . . . . . . . . .|:12
:|. . . . . . . . . . . . . . . . |:13
:| . . . . . . . . . . . . . . . .|:14
:|. . . . . . . . . . . . . . . . |:15
:| . . . . . . . . . . . . . . . .|:16
:|________________________________|:
:| 1 2 3 4 5 6 7 8 9 0 1 2 3 4 5 6|:

took:0.00 size:1/42 interval:0.40 clear:1 direction:Z
:|1 2 3 4 5 6 7 8 9 0 1 2 3 4 5 6 |:
:|________________________________|:
:|. . . . . . . . . . . . . . . . |:1
:| . . . . . . . . . . . . . . . .|:2
:|. . . . . . . . . . . . . . . . |:3
:| . . . . . . . . . . . . . . . .|:4
:|. . . . . . . . . . . . . . . . |:5
:| . . . . . . . . . . . . . . . .|:6
:|. . . . . . . . . . . . . . . . |:7
:| . . . . . . . . . . . . . . . .|:8
:|. . . . . . . . . . . . . . . . |:9
:| . . . . . . . . h . . . . . . .|:10
:|. . . . . . . . . . . . . . . . |:11
:| . . . . . . . . . . . . . . . .|:12
:|. . . . . . . . . . . . . . . . |:13
:| . . . . . . . . . . . . . . . .|:14
:|. . . . . . . . . . . . . . . . |:15
:| . . . . . . . . . . . . . . . .|:16
:|________________________________|:
:| 1 2 3 4 5 6 7 8 9 0 1 2 3 4 5 6|:

took:0.00 size:2/42 interval:0.40 clear:1 direction:Y
:|1 2 3 4 5 6 7 8 9 0 1 2 3 4 5 6 |:
:|________________________________|:
:|. . . . . . . . . . . . . . . . |:1
:| . . . . . . . . . . . . . . . .|:2
:|. . . . . . . . . . . . . . . . |:3
:| . . . . . . . . . . . . . . . .|:4
:|. . . . . . . . . . . . . . . . |:5
:| . . . . . . . . . . . . . . . .|:6
:|. . . . . . . . . . . . . . . . |:7
:| . . . . . . . . . h e . . . . .|:8
:|. . . . . . . . . . . . . . . . |:9
:| . . . . . . . . . . . . . . . .|:10
:|. . . . . . . . . . . . . . . . |:11
:| . . . . . . . . . . . . . . . .|:12
:|. . . . . . . . . . . . . . . . |:13
:| . . . . . . . . . . . . . . . .|:14
:|. . . . . . . . . . . . . . . . |:15
:| . . . . . . . . . . . . . . . .|:16
:|________________________________|:
:| 1 2 3 4 5 6 7 8 9 0 1 2 3 4 5 6|:

took:0.00 size:3/42 interval:0.40 clear:1 direction:X
:|1 2 3 4 5 6 7 8 9 0 1 2 3 4 5 6 |:
:|________________________________|:
:|. . . . . . . . . . . . . . . . |:1
:| . . . . . . . . . . . . . . . .|:2
:|. . . . . . . . . . . . . . . . |:3
:| . . . . . . . . . l . . . . . .|:4
:|. . . . . . . . . e . . . . . . |:5
:| . . . . . . . . h . . . . . . .|:6
:|. . . . . . . . . . . . . . . . |:7
:| . . . . . . . . . . . . . . . .|:8
:|. . . . . . . . . . . . . . . . |:9
:| . . . . . . . . . . . . . . . .|:10
:|. . . . . . . . . . . . . . . . |:11
:| . . . . . . . . . . . . . . . .|:12
:|. . . . . . . . . . . . . . . . |:13
:| . . . . . . . . . . . . . . . .|:14
:|. . . . . . . . . . . . . . . . |:15
:| . . . . . . . . . . . . . . . .|:16
:|________________________________|:
:| 1 2 3 4 5 6 7 8 9 0 1 2 3 4 5 6|:

took:0.00 size:4/42 interval:0.40 clear:1 direction:z
:|1 2 3 4 5 6 7 8 9 0 1 2 3 4 5 6 |:
:|________________________________|:
:|. . . . . . . . . . . . . . . . |:1
:| . . . . . . . . . . . . . . . .|:2
:|. . . . . l . . . . . . . . . . |:3
:| . . . . . l . . . . . . . . . .|:4
:|. . . . . . e . . . . . . . . . |:5
:| . . . . . . h . . . . . . . . .|:6
:|. . . . . . . . . . . . . . . . |:7
:| . . . . . . . . . . . . . . . .|:8
:|. . . . . . . . . . . . . . . . |:9
:| . . . . . . . . . . . . . . . .|:10
:|. . . . . . . . . . . . . . . . |:11
:| . . . . . . . . . . . . . . . .|:12
:|. . . . . . . . . . . . . . . . |:13
:| . . . . . . . . . . . . . . . .|:14
:|. . . . . . . . . . . . . . . . |:15
:| . . . . . . . . . . . . . . . .|:16
:|________________________________|:
:| 1 2 3 4 5 6 7 8 9 0 1 2 3 4 5 6|:

took:0.00 size:5/42 interval:0.40 clear:1 direction:y
:|1 2 3 4 5 6 7 8 9 0 1 2 3 4 5 6 |:
:|________________________________|:
:|. . . . . . . . . . . . . . . . |:1
:| . . . . . . . . . . . . . . . .|:2
:|. . . . . . . . . . . . . . . . |:3
:| . . . . . . . . . . . . . . . .|:4
:|. . . . . . . . . . . . . . . . |:5
:| . . . . . . . . . . . . . . . .|:6
:|. . . . . . . . . . . . . . . . |:7
:| . o l l e h . . . . . . . . . .|:8
:|. . . . . . . . . . . . . . . . |:9
:| . . . . . . . . . . . . . . . .|:10
:|. . . . . . . . . . . . . . . . |:11
:| . . . . . . . . . . . . . . . .|:12
:|. . . . . . . . . . . . . . . . |:13
:| . . . . . . . . . . . . . . . .|:14
:|. . . . . . . . . . . . . . . . |:15
:| . . . . . . . . . . . . . . . .|:16
:|________________________________|:
:| 1 2 3 4 5 6 7 8 9 0 1 2 3 4 5 6|:

took:0.00 size:6/42 interval:0.40 clear:1 direction:x
:|1 2 3 4 5 6 7 8 9 0 1 2 3 4 5 6 |:
:|________________________________|:
:|. . . . . . . . . . . . . . . . |:1
:| . . . . . . . . . . . . . . . .|:2
:|. . . . . . . . . . . . . . . . |:3
:| . . . . . . . . . . . . . . . .|:4
:|. . . . . . . . . . . . . . . . |:5
:| . . . . . . . . . . . . . . . .|:6
:|. . . . . . . . . . . . . . . . |:7
:| . . . . . . . . . . . . . . . .|:8
:|. . . . . . . . . . . . . . . . |:9
:| . . . . . . h . . . . . . . . .|:10
:|. . . . . . e . . . . . . . . . |:11
:| . . . . . l . . . . . . . . . .|:12
:|. . . . . l . . . . . . . . . . |:13
:| . . . . o . . . . . . . . . . .|:14
:|. . . . ! . . . . . . . . . . . |:15
:| . . . . . . . . . . . . . . . .|:16
:|________________________________|:
:| 1 2 3 4 5 6 7 8 9 0 1 2 3 4 5 6|:

took:0.00 size:7/42 interval:0.40 clear:1 direction:Z
:|1 2 3 4 5 6 7 8 9 0 1 2 3 4 5 6 |:
:|________________________________|:
:|. . . . . . . . . . . . . . . . |:1
:| . . . . . . . . . . . . . . . .|:2
:|. . . . . . . . . . . . . . . . |:3
:| . . . . . . . . . . . . . . . .|:4
:|. . . . . . . . . . . . . . . . |:5
:| . . . . . . . . . . . . . . . .|:6
:|. . . . . . . . . . . . . . . . |:7
:| . . . . . . . . . . . . . . . .|:8
:|. . . . . . . . . . . . . . . . |:9
:| . . . . . . . . h . . . . . . .|:10
:|. . . . . . . . . e . . . . . . |:11
:| . . . . . . . . . l . . . . . .|:12
:|. . . . . . . . . . l . . . . . |:13
:| . . . . . . . . . . o . . . . .|:14
:|. . . . . . . . . . . ! . . . . |:15
:| . . . . . . . . . . .   . . . .|:16
:|________________________________|:
:| 1 2 3 4 5 6 7 8 9 0 1 2 3 4 5 6|:

took:0.00 size:8/42 interval:0.40 clear:1 direction:Y
:|1 2 3 4 5 6 7 8 9 0 1 2 3 4 5 6 |:
:|________________________________|:
:|. . . . . . . . . . . . . . . . |:1
:| . . . . . . . . . . . . . . . .|:2
:|. . . . . . . . . . . . . . . . |:3
:| . . . . . . . . . . . . . . . .|:4
:|. . . . . . . . . . . . . . . . |:5
:| . . . . . . . . . . . . . . . .|:6
:|. . . . . . . . . . . . . . . . |:7
:| . . . . . . . . . h e l l o !  |:8
:|. . . . . . . . . . . . . . . . |:9
:| . . . . . . . . . . . . . . . .|:10
:|. . . . . . . . . . . . . . . . |:11
:| . . . . . . . . . . . . . . . .|:12
:|. . . . . . . . . . . . . . . . |:13
:| . . . . . . . . . . . . . . . .|:14
:|. . . . . . . . . . . . . . . . |:15
:| . . . . . . . . . . . . . . . .|:16
:|________________________________|:
:| 1 2 3 4 5 6 7 8 9 0 1 2 3 4 5 6|:

took:0.00 size:9/42 interval:0.40 clear:1 direction:X
:|1 2 3 4 5 6 7 8 9 0 1 2 3 4 5 6 |:
:|________________________________|:
:|. . . . . . . . . . . ! . . . . |:1
:| . . . . . . . . . . o . . . . .|:2
:|. . . . . . . . . . l . . . . . |:3
:| . . . . . . . . . l . . . . . .|:4
:|. . . . . . . . . e . . . . . . |:5
:| . . . . . . . . h . . . . . . .|:6
:|. . . . . . . . . . . . . . . . |:7
:| . . . . . . . . . . . . . . . .|:8
:|. . . . . . . . . . . . . . . . |:9
:| . . . . . . . . . . . . . . . .|:10
:|. . . . . . . . . . . . . . . . |:11
:| . . . . . . . . . . . . . . . .|:12
:|. . . . . . . . . . . . . . . . |:13
:| . . . . . . . . . . . . h . . .|:14
:|. . . . . . . . . . . . . . . . |:15
:| . . . . . . . . . . .   . . . .|:16
:|________________________________|:
:| 1 2 3 4 5 6 7 8 9 0 1 2 3 4 5 6|:

took:0.00 size:10/42 interval:0.40 clear:1 direction:z
:|1 2 3 4 5 6 7 8 9 0 1 2 3 4 5 6 |:
:|________________________________|:
:|. . . . ! . . . . . . . . . . . |:1
:| . . . . o . . . . . . . . . . .|:2
:|. . . . . l . . . . . . . . . . |:3
:| . . . . . l . . . . . . . . . .|:4
:|. . . . . . e . . . . . . . . . |:5
:| . . . . . . h . . . . . . . . .|:6
:|. . . . . . . . . . . . . . . . |:7
:| . . . . . . . . . . . . . . . .|:8
:|. . . . . . . . . . . . . . . . |:9
:| . . . . . . . . . . . . . . . .|:10
:|. . . . . . . . . . . . . . . . |:11
:| . . . . . . . . . . . . . . . .|:12
:|. . e . . . . . . . . . . . . . |:13
:| . . h . . . . . . . . . . . . .|:14
:|. . . . . . . . . . . . . . . . |:15
:| . . .   . . . . . . . . . . . .|:16
:|________________________________|:
:| 1 2 3 4 5 6 7 8 9 0 1 2 3 4 5 6|:

took:0.01 size:11/42 interval:0.40 clear:1 direction:y
:|1 2 3 4 5 6 7 8 9 0 1 2 3 4 5 6 |:
:|________________________________|:
:|. . . . . . . . . . . . . . . . |:1
:| . . . . . . . . . . . . . . . .|:2
:|. . . . . . . . . . . . . . . . |:3
:| . . . . . . . . . . . . . . . .|:4
:|. . . . . . . . . . . . . . . . |:5
:| . . . . . . . . . . . . . . . .|:6
:|. . . . . . . . . . . . . . . . |:7
:| ! o l l e h . . . . . l e h .  |:8
:|. . . . . . . . . . . . . . . . |:9
:| . . . . . . . . . . . . . . . .|:10
:|. . . . . . . . . . . . . . . . |:11
:| . . . . . . . . . . . . . . . .|:12
:|. . . . . . . . . . . . . . . . |:13
:| . . . . . . . . . . . . . . . .|:14
:|. . . . . . . . . . . . . . . . |:15
:| . . . . . . . . . . . . . . . .|:16
:|________________________________|:
:| 1 2 3 4 5 6 7 8 9 0 1 2 3 4 5 6|:

took:0.00 size:12/42 interval:0.40 clear:1 direction:x
:|1 2 3 4 5 6 7 8 9 0 1 2 3 4 5 6 |:
:|________________________________|:
:|. . . . . . . . . . . . . . . . |:1
:| . . h . . . . . . . . . . . . .|:2
:|. . e . . . . . . . . . . . . . |:3
:| . l . . . . . . . . . . . . . .|:4
:|. l . . . . . . . . . . . . . . |:5
:| . . . . . . . . . . . . . . . .|:6
:|. . . . . . . . . . . . . . . . |:7
:| . . . . . . . . . . . . . . . .|:8
:|. . . . . . . . . . . . . . . . |:9
:| . . . . . . h . . . . . . . . .|:10
:|. . . . . . e . . . . . . . . . |:11
:| . . . . . l . . . . . . . . . .|:12
:|. . . . . l . . . . . . . . . . |:13
:| . . . . o . . . . . . . . . . .|:14
:|. . . . ! . . . . . . . . . . . |:15
:| . . .   . . . . . . . . . . . .|:16
:|________________________________|:
:| 1 2 3 4 5 6 7 8 9 0 1 2 3 4 5 6|:

took:0.00 size:13/42 interval:0.40 clear:1 direction:Z
:|1 2 3 4 5 6 7 8 9 0 1 2 3 4 5 6 |:
:|________________________________|:
:|. . . . . . . . . . . . . . . . |:1
:| . . . . . . . . . . . . h . . .|:2
:|. . . . . . . . . . . . . e . . |:3
:| . . . . . . . . . . . . . l . .|:4
:|. . . . . . . . . . . . . . l . |:5
:| . . . . . . . . . . . . . . o .|:6
:|. . . . . . . . . . . . . . . . |:7
:| . . . . . . . . . . . . . . . .|:8
:|. . . . . . . . . . . . . . . . |:9
:| . . . . . . . . h . . . . . . .|:10
:|. . . . . . . . . e . . . . . . |:11
:| . . . . . . . . . l . . . . . .|:12
:|. . . . . . . . . . l . . . . . |:13
:| . . . . . . . . . . o . . . . .|:14
:|. . . . . . . . . . . ! . . . . |:15
:| . . . . . . . . . . .   . . . .|:16
:|________________________________|:
:| 1 2 3 4 5 6 7 8 9 0 1 2 3 4 5 6|:

took:0.00 size:14/42 interval:0.40 clear:1 direction:Y
:|1 2 3 4 5 6 7 8 9 0 1 2 3 4 5 6 |:
:|________________________________|:
:|. . . . . . . . . . . . . . . . |:1
:| . . . . . . . . . . . . . . . .|:2
:|. . . . . . . . . . . . . . . . |:3
:| . . . . . . . . . . . . . . . .|:4
:|. . . . . . . . . . . . . . . . |:5
:| . . . . . . . . . . . . . . . .|:6
:|. . . . . . . . . . . . . . . . |:7
:| . h e l l o ! . . h e l l o !  |:8
:|. . . . . . . . . . . . . . . . |:9
:| . . . . . . . . . . . . . . . .|:10
:|. . . . . . . . . . . . . . . . |:11
:| . . . . . . . . . . . . . . . .|:12
:|. . . . . . . . . . . . . . . . |:13
:| . . . . . . . . . . . . . . . .|:14
:|. . . . . . . . . . . . . . . . |:15
:| . . . . . . . . . . . . . . . .|:16
:|________________________________|:
:| 1 2 3 4 5 6 7 8 9 0 1 2 3 4 5 6|:

took:0.00 size:15/42 interval:0.40 clear:1 direction:X
:|1 2 3 4 5 6 7 8 9 0 1 2 3 4 5 6 |:
:|________________________________|:
:|. . . . . . . . . . . ! . . . . |:1
:| . . . . . . . . . . o . . . . .|:2
:|. . . . . . . . . . l . . . . . |:3
:| . . . . . . . . . l . . . . . .|:4
:|. . . . . . . . . e . . . . . . |:5
:| . . . . . . . . h . . . . . . .|:6
:|. . . . . . . . . . . . . . . . |:7
:| . . . . . . . . . . . . . . .  |:8
:|. . . . . . . . . . . . . . . ! |:9
:| . . . . . . . . . . . . . . o .|:10
:|. . . . . . . . . . . . . . l . |:11
:| . . . . . . . . . . . . . l . .|:12
:|. . . . . . . . . . . . . e . . |:13
:| . . . . . . . . . . . . h . . .|:14
:|. . . . . . . . . . . . . . . . |:15
:| . . . . . . . . . . .   . . . .|:16
:|________________________________|:
:| 1 2 3 4 5 6 7 8 9 0 1 2 3 4 5 6|:

took:0.00 size:16/42 interval:0.40 clear:1 direction:z
:|1 2 3 4 5 6 7 8 9 0 1 2 3 4 5 6 |:
:|________________________________|:
:|. . . . ! . . . . . . . . . . . |:1
:| . . . . o . . . . . . . . . . .|:2
:|. . . . . l . . . . . . . . . . |:3
:| . . . . . l . . . . . . . . . .|:4
:|. . . . . . e . . . . . . . . . |:5
:| . . . . . . h . . . . . . . . .|:6
:|. . . . . . . . . . . . . . . . |:7
:| . . . . . . . . . . . . . . .  |:8
:|! . . . . . . . . . . . . . . . |:9
:| o . . . . . . . . . . . . . . .|:10
:|. l . . . . . . . . . . . . . . |:11
:| . l . . . . . . . . . . . . . .|:12
:|. . e . . . . . . . . . . . . . |:13
:| . . h . . . . . . . . . . . . .|:14
:|. . . . . . . . . . . . . . . . |:15
:| . . .   . . . . . . . . . . . .|:16
:|________________________________|:
:| 1 2 3 4 5 6 7 8 9 0 1 2 3 4 5 6|:

took:0.00 size:17/42 interval:0.40 clear:1 direction:y
:|1 2 3 4 5 6 7 8 9 0 1 2 3 4 5 6 |:
:|________________________________|:
:|. . . . . . . . . . . . . . . . |:1
:| . . . . . . . . . . . . . . . .|:2
:|. . . . . . . . . . . . . . . . |:3
:| . . . . . . . . . . . . . . . .|:4
:|. . . . . . . . . . . . . . . . |:5
:| . . . . . . . . . . . . . . . .|:6
:|. . . . . . . . . . . . . . . . |:7
:| ! o l l e h .   ! o l l e h .  |:8
:|. . . . . . . . . . . . . . . . |:9
:| . . . . . . . . . . . . . . . .|:10
:|. . . . . . . . . . . . . . . . |:11
:| . . . . . . . . . . . . . . . .|:12
:|. . . . . . . . . . . . . . . . |:13
:| . . . . . . . . . . . . . . . .|:14
:|. . . . . . . . . . . . . . . . |:15
:| . . . . . . . . . . . . . . . .|:16
:|________________________________|:
:| 1 2 3 4 5 6 7 8 9 0 1 2 3 4 5 6|:

took:0.00 size:18/42 interval:0.40 clear:1 direction:x
:|1 2 3 4 5 6 7 8 9 0 1 2 3 4 5 6 |:
:|________________________________|:
:|. . . . . . . . . . . . . . . . |:1
:| . . h . . . . . . . . . . . . .|:2
:|. . e . . . . . . . . . . . . . |:3
:| . l . . . . . . . . . . . . . .|:4
:|. l . . . . . . . . . . . . . . |:5
:| o . . . . . . . . . . . . . . .|:6
:|! . . . . . . . . . . . . . . . |:7
:| . . . . . . . . . . . . . . .  |:8
:|. . . . . . . . . . . . . . . . |:9
:| . . . . . . h . . . . . . . h .|:10
:|. . . . . . e . . . . . . . e . |:11
:| . . . . . l . . . . . . . . . .|:12
:|. . . . . l . . . . . . . . . . |:13
:| . . . . o . . . . . . . . . . .|:14
:|. . . . ! . . . . . . . . . . . |:15
:| . . .   . . . . . . . . . . . .|:16
:|________________________________|:
:| 1 2 3 4 5 6 7 8 9 0 1 2 3 4 5 6|:

took:0.00 size:19/42 interval:0.40 clear:1 direction:Z
:|1 2 3 4 5 6 7 8 9 0 1 2 3 4 5 6 |:
:|________________________________|:
:|. . . . . . . . . . . . . . . . |:1
:| . . . . . . . . . . . . h . . .|:2
:|. . . . . . . . . . . . . e . . |:3
:| . . . . . . . . . . . . . l . .|:4
:|. . . . . . . . . . . . . . l . |:5
:| . . . . . . . . . . . . . . o .|:6
:|. . . . . . . . . . . . . . . ! |:7
:| . . . . . . . . . . . . . . .  |:8
:|. . . . . . . . . . . . . . . . |:9
:| h . . . . . . . h . . . . . . .|:10
:|. e . . . . . . . e . . . . . . |:11
:| . l . . . . . . . l . . . . . .|:12
:|. . . . . . . . . . l . . . . . |:13
:| . . . . . . . . . . o . . . . .|:14
:|. . . . . . . . . . . ! . . . . |:15
:| . . . . . . . . . . .   . . . .|:16
:|________________________________|:
:| 1 2 3 4 5 6 7 8 9 0 1 2 3 4 5 6|:

took:0.01 size:20/42 interval:0.40 clear:1 direction:Y
:|1 2 3 4 5 6 7 8 9 0 1 2 3 4 5 6 |:
:|________________________________|:
:|. . . . . . . . . . . . . . . . |:1
:| . . . . . . . . . . . . . . . .|:2
:|. . . . . . . . . . . . . . . . |:3
:| . . . . . . . . . . . . . . . .|:4
:|. . . . . . . . . . . . . . . . |:5
:| . . . . . . . . . . . . . . . .|:6
:|. . . . . . . . . . . . . . . . |:7
:| . h e l l o !   . h e l l o !  |:8
:|. . . . . . . . . . . . . . . . |:9
:| . . . . . . . . . . . . . . . .|:10
:|. . . . . . . . . . . . . . . . |:11
:| . . . . . . . . . . . . . . . .|:12
:|. . . . . . . . . . . . . . . . |:13
:| . . . . . . . . . . . . . . . .|:14
:|. . . . . . . . . . . . . . . . |:15
:| . . . . . . . . . . . . . . . .|:16
:|________________________________|:
:| 1 2 3 4 5 6 7 8 9 0 1 2 3 4 5 6|:

took:0.01 size:21/42 interval:0.40 clear:1 direction:X
:|1 2 3 4 5 6 7 8 9 0 1 2 3 4 5 6 |:
:|________________________________|:
:|. . . . . . . . . . . ! . . . . |:1
:| . . o . . . . . . . o . . . . .|:2
:|. . l . . . . . . . l . . . . . |:3
:| . l . . . . . . . l . . . . . .|:4
:|. e . . . . . . . e . . . . . . |:5
:| h . . . . . . . h . . . . . . .|:6
:|. . . . . . . . . . . . . . . . |:7
:| . . . . . . . . . . . . . . .  |:8
:|. . . . . . . . . . . . . . . ! |:9
:| . . . . . . . . . . . . . . o .|:10
:|. . . . . . . . . . . . . . l . |:11
:| . . . . . . . . . . . . . l . .|:12
:|. . . . . . . . . . . . . e . . |:13
:| . . . . . . . . . . . . h . . .|:14
:|. . . . . . . . . . . . . . . . |:15
:| . . . . . . . . . . .   . . . .|:16
:|________________________________|:
:| 1 2 3 4 5 6 7 8 9 0 1 2 3 4 5 6|:

took:0.01 size:22/42 interval:0.40 clear:1 direction:z
:|1 2 3 4 5 6 7 8 9 0 1 2 3 4 5 6 |:
:|________________________________|:
:|. . . . ! . . . . . . . ! . . . |:1
:| . . . . o . . . . . . . o . . .|:2
:|. . . . . l . . . . . . . l . . |:3
:| . . . . . l . . . . . . . l . .|:4
:|. . . . . . e . . . . . . . e . |:5
:| . . . . . . h . . . . . . . h .|:6
:|. . . . . . . . . . . . . . . . |:7
:| . . . . . . . . . . . . . . .  |:8
:|! . . . . . . . . . . . . . . . |:9
:| o . . . . . . . . . . . . . . .|:10
:|. l . . . . . . . . . . . . . . |:11
:| . l . . . . . . . . . . . . . .|:12
:|. . e . . . . . . . . . . . . . |:13
:| . . h . . . . . . . . . . . . .|:14
:|. . . . . . . . . . . . . . . . |:15
:| . . .   . . . . . . . . . . . .|:16
:|________________________________|:
:| 1 2 3 4 5 6 7 8 9 0 1 2 3 4 5 6|:

took:0.01 size:23/42 interval:0.40 clear:1 direction:y
:|1 2 3 4 5 6 7 8 9 0 1 2 3 4 5 6 |:
:|________________________________|:
:|. . . . . . . . . . . . . . . . |:1
:| . . . . . . . . . . . . . . . .|:2
:|. . . . . . . . . . . . . . . . |:3
:| . . . . . . . . . . . . . . . .|:4
:|. . . . . . . . . . . . . . . . |:5
:| . . . . . . . . . . . . . . . .|:6
:|. . . . . . . . . . . . . . . . |:7
:| ! o l l e h .   ! o l l e h .  |:8
:|. . . . . . . . . . . . . . . . |:9
:| . . . . . . . . . . . . . . . .|:10
:|. . . . . . . . . . . . . . . . |:11
:| . . . . . . . . . . . . . . . .|:12
:|. . . . . . . . . . . . . . . . |:13
:| . . . . . . . . . . . . . . . .|:14
:|. . . . . . . . . . . . . . . . |:15
:| . . . . . . . . . . . . . . . .|:16
:|________________________________|:
:| 1 2 3 4 5 6 7 8 9 0 1 2 3 4 5 6|:

took:0.01 size:24/42 interval:0.40 clear:1 direction:x
:|1 2 3 4 5 6 7 8 9 0 1 2 3 4 5 6 |:
:|________________________________|:
:|. . . . . . . . . . . . . . . . |:1
:| . . h . . . . . . . . . . . . .|:2
:|. . e . . . . . . . . . . . . . |:3
:| . l . . . . . . . . . . . . . .|:4
:|. l . . . . . . . . . . . . . . |:5
:| o . . . . . . . . . . . . . . .|:6
:|! . . . . . . . . . . . . . . . |:7
:| . . . . . . . . . . . . . . .  |:8
:|. . . . . . . . . . . . . . . . |:9
:| . . . . . . h . . . . . . . h .|:10
:|. . . . . . e . . . . . . . e . |:11
:| . . . . . l . . . . . . . l . .|:12
:|. . . . . l . . . . . . . l . . |:13
:| . . . . o . . . . . . . o . . .|:14
:|. . . . ! . . . . . . . ! . . . |:15
:| . . .   . . . . . . .   . . . .|:16
:|________________________________|:
:| 1 2 3 4 5 6 7 8 9 0 1 2 3 4 5 6|:

took:0.01 size:25/42 interval:0.40 clear:1 direction:Z
:|1 2 3 4 5 6 7 8 9 0 1 2 3 4 5 6 |:
:|________________________________|:
:|. . . . . . . . . . . . . . . . |:1
:| . . . . h . . . . . . . h . . .|:2
:|. . . . . . . . . . . . . e . . |:3
:| . . . . . . . . . . . . . l . .|:4
:|. . . . . . . . . . . . . . l . |:5
:| . . . . . . . . . . . . . . o .|:6
:|. . . . . . . . . . . . . . . ! |:7
:| . . . . . . . . . . . . . . .  |:8
:|. . . . . . . . . . . . . . . . |:9
:| h . . . . . . . h . . . . . . .|:10
:|. e . . . . . . . e . . . . . . |:11
:| . l . . . . . . . l . . . . . .|:12
:|. . l . . . . . . . l . . . . . |:13
:| . . o . . . . . . . o . . . . .|:14
:|. . . ! . . . . . . . ! . . . . |:15
:| . . .   . . . . . . .   . . . .|:16
:|________________________________|:
:| 1 2 3 4 5 6 7 8 9 0 1 2 3 4 5 6|:

took:0.01 size:26/42 interval:0.40 clear:1 direction:Y
:|1 2 3 4 5 6 7 8 9 0 1 2 3 4 5 6 |:
:|________________________________|:
:|. . . . . . . . . . . . . . . . |:1
:| . . . . . . . . . . . . . . . .|:2
:|. . . . . . . . . . . . . . . . |:3
:| . . . . . . . . . . . . . . . .|:4
:|. . . . . . . . . . . . . . . . |:5
:| . . . . . . . . . . . . . . . .|:6
:|. . . . . . . . . . . . . . . . |:7
:| . h e l l o !   . h e l l o !  |:8
:|. . . . . . . . . . . . . . . . |:9
:| . . . . . . . . . . . . . . . .|:10
:|. . . . . . . . . . . . . . . . |:11
:| . . . . . . . . . . . . . . . .|:12
:|. . . . . . . . . . . . . . . . |:13
:| . . . . . . . . . . . . . . . .|:14
:|. . . . . . . . . . . . . . . . |:15
:| . . . . . . . . . . . . . . . .|:16
:|________________________________|:
:| 1 2 3 4 5 6 7 8 9 0 1 2 3 4 5 6|:

took:0.01 size:27/42 interval:0.40 clear:1 direction:X
:|1 2 3 4 5 6 7 8 9 0 1 2 3 4 5 6 |:
:|________________________________|:
:|. . . ! . . . . . . . ! . . . . |:1
:| . . o . . . . . . . o . . . . .|:2
:|. . l . . . . . . . l . . . . . |:3
:| . l . . . . . . . l . . . . . .|:4
:|. e . . . . . . . e . . . . . . |:5
:| h . . . . . . . h . . . . . . .|:6
:|. . . . . . . . . . . . . . . . |:7
:| . . . . . . . . . . . . . . .  |:8
:|. . . . . . . . . . . . . . . ! |:9
:| . . . . . . . . . . . . . . o .|:10
:|. . . . . . . . . . . . . . l . |:11
:| . . . . . l . . . . . . . l . .|:12
:|. . . . . e . . . . . . . e . . |:13
:| . . . . h . . . . . . . h . . .|:14
:|. . . . . . . . . . . . . . . . |:15
:| . . .   . . . . . . .   . . . .|:16
:|________________________________|:
:| 1 2 3 4 5 6 7 8 9 0 1 2 3 4 5 6|:

took:0.01 size:28/42 interval:0.40 clear:1 direction:z
:|1 2 3 4 5 6 7 8 9 0 1 2 3 4 5 6 |:
:|________________________________|:
:|. . . . ! . . . . . . . ! . . . |:1
:| . . . . o . . . . . . . o . . .|:2
:|. . . . . l . . . . . . . l . . |:3
:| . . . . . l . . . . . . . l . .|:4
:|. . . . . . e . . . . . . . e . |:5
:| . . . . . . h . . . . . . . h .|:6
:|. . . . . . . . . . . . . . . . |:7
:| . . . . . . . . . . . . . . .  |:8
:|! . . . . . . . . . . . . . . . |:9
:| o . . . . . . . . . . . . . . .|:10
:|. l . . . . . . . l . . . . . . |:11
:| . l . . . . . . . l . . . . . .|:12
:|. . e . . . . . . . e . . . . . |:13
:| . . h . . . . . . . h . . . . .|:14
:|. . . . . . . . . . . . . . . . |:15
:| . . .   . . . . . . .   . . . .|:16
:|________________________________|:
:| 1 2 3 4 5 6 7 8 9 0 1 2 3 4 5 6|:

took:0.01 size:29/42 interval:0.40 clear:1 direction:y
:|1 2 3 4 5 6 7 8 9 0 1 2 3 4 5 6 |:
:|________________________________|:
:|. . . . . . . . . . . . . . . . |:1
:| . . . . . . . . . . . . . . . .|:2
:|. . . . . . . . . . . . . . . . |:3
:| . . . . . . . . . . . . . . . .|:4
:|. . . . . . . . . . . . . . . . |:5
:| . . . . . . . . . . . . . . . .|:6
:|. . . . . . . . . . . . . . . . |:7
:| ! o l l e h .   ! o l l e h .  |:8
:|. . . . . . . . . . . . . . . . |:9
:| . . . . . . . . . . . . . . . .|:10
:|. . . . . . . . . . . . . . . . |:11
:| . . . . . . . . . . . . . . . .|:12
:|. . . . . . . . . . . . . . . . |:13
:| . . . . . . . . . . . . . . . .|:14
:|. . . . . . . . . . . . . . . . |:15
:| . . . . . . . . . . . . . . . .|:16
:|________________________________|:
:| 1 2 3 4 5 6 7 8 9 0 1 2 3 4 5 6|:

took:0.01 size:30/42 interval:0.40 clear:1 direction:x
:|1 2 3 4 5 6 7 8 9 0 1 2 3 4 5 6 |:
:|________________________________|:
:|. . . . . . . . . . . . . . . . |:1
:| . . h . . . . . . . h . . . . .|:2
:|. . e . . . . . . . e . . . . . |:3
:| . l . . . . . . . l . . . . . .|:4
:|. l . . . . . . . l . . . . . . |:5
:| o . . . . . . . o . . . . . . .|:6
:|! . . . . . . . ! . . . . . . . |:7
:| . . . . . . . . . . . . . . .  |:8
:|. . . . . . . . . . . . . . . . |:9
:| . . . . . . h . . . . . . . h .|:10
:|. . . . . . e . . . . . . . e . |:11
:| . . . . . l . . . . . . . l . .|:12
:|. . . . . l . . . . . . . l . . |:13
:| . . . . o . . . . . . . o . . .|:14
:|. . . . ! . . . . . . . ! . . . |:15
:| . . .   . . . . . . .   . . . .|:16
:|________________________________|:
:| 1 2 3 4 5 6 7 8 9 0 1 2 3 4 5 6|:

took:0.01 size:31/42 interval:0.40 clear:1 direction:Z
:|1 2 3 4 5 6 7 8 9 0 1 2 3 4 5 6 |:
:|________________________________|:
:|. . . . . . . . . . . . . . . . |:1
:| . . . . h . . . . . . . h . . .|:2
:|. . . . . e . . . . . . . e . . |:3
:| . . . . . l . . . . . . . l . .|:4
:|. . . . . . l . . . . . . . l . |:5
:| . . . . . . o . . . . . . . o .|:6
:|. . . . . . . ! . . . . . . . ! |:7
:| . . . . . . .   . . . . . . .  |:8
:|. . . . . . . . . . . . . . . . |:9
:| h . . . . . . . h . . . . . . .|:10
:|. e . . . . . . . e . . . . . . |:11
:| . l . . . . . . . l . . . . . .|:12
:|. . l . . . . . . . l . . . . . |:13
:| . . o . . . . . . . o . . . . .|:14
:|. . . ! . . . . . . . ! . . . . |:15
:| . . .   . . . . . . .   . . . .|:16
:|________________________________|:
:| 1 2 3 4 5 6 7 8 9 0 1 2 3 4 5 6|:

took:0.01 size:32/42 interval:0.40 clear:1 direction:Y
:|1 2 3 4 5 6 7 8 9 0 1 2 3 4 5 6 |:
:|________________________________|:
:|. . . . . . . . . . . . . . . . |:1
:| . . . . . . . . . . . . . . . .|:2
:|. . . . . . . . . . . . . . . . |:3
:| . . . . . . . . . . . . . . . .|:4
:|. . . . . . . . . . . . . . . . |:5
:| . . . . . . . . . . . . . . . .|:6
:|. . . . . . . . . . . . . . . . |:7
:| . h e l l o !   . h e l l o !  |:8
:|. . . . . . . . . . . . . . . . |:9
:| . . . . . . . . . . . . . . . .|:10
:|. . . . . . . . . . . . . . . . |:11
:| . . . . . . . . . . . . . . . .|:12
:|. . . . . . . . . . . . . . . . |:13
:| . . . . . . . . . . . . . . . .|:14
:|. . . . . . . . . . . . . . . . |:15
:| . . . . . . . . . . . . . . . .|:16
:|________________________________|:
:| 1 2 3 4 5 6 7 8 9 0 1 2 3 4 5 6|:

took:0.01 size:33/42 interval:0.40 clear:1 direction:X
:|1 2 3 4 5 6 7 8 9 0 1 2 3 4 5 6 |:
:|________________________________|:
:|. . . ! . . . . . . . ! . . . . |:1
:| . . o . . . . . . . o . . . . .|:2
:|. . l . . . . . . . l . . . . . |:3
:| . l . . . . . . . l . . . . . .|:4
:|. e . . . . . . . e . . . . . . |:5
:| h . . . . . . . h . . . . . . .|:6
:|. . . . . . . . . . . . . . . . |:7
:| . . . . . . .   . . . . . . .  |:8
:|. . . . . . . ! . . . . . . . ! |:9
:| . . . . . . o . . . . . . . o .|:10
:|. . . . . . l . . . . . . . l . |:11
:| . . . . . l . . . . . . . l . .|:12
:|. . . . . e . . . . . . . e . . |:13
:| . . . . h . . . . . . . h . . .|:14
:|. . . . . . . . . . . . . . . . |:15
:| . . .   . . . . . . .   . . . .|:16
:|________________________________|:
:| 1 2 3 4 5 6 7 8 9 0 1 2 3 4 5 6|:

took:0.01 size:34/42 interval:0.40 clear:1 direction:z
:|1 2 3 4 5 6 7 8 9 0 1 2 3 4 5 6 |:
:|________________________________|:
:|. . . . ! . . . . . . . ! . . . |:1
:| . . . . o . . . . . . . o . . .|:2
:|. . . . . l . . . . . . . l . . |:3
:| . . . . . l . . . . . . . l . .|:4
:|. . . . . . e . . . . . . . e . |:5
:| . . . . . . h . . . . . . . h .|:6
:|. . . . . . . . . . . . . . . . |:7
:| . . . . . . .   . . . . . . .  |:8
:|! . . . . . . . ! . . . . . . . |:9
:| o . . . . . . . o . . . . . . .|:10
:|. l . . . . . . . l . . . . . . |:11
:| . l . . . . . . . l . . . . . .|:12
:|. . e . . . . . . . e . . . . . |:13
:| . . h . . . . . . . h . . . . .|:14
:|. . . . . . . . . . . . . . . . |:15
:| . . .   . . . . . . .   . . . .|:16
:|________________________________|:
:| 1 2 3 4 5 6 7 8 9 0 1 2 3 4 5 6|:

took:0.01 size:35/42 interval:0.40 clear:1 direction:y
:|1 2 3 4 5 6 7 8 9 0 1 2 3 4 5 6 |:
:|________________________________|:
:|. . . . . . . . . . . . . . . . |:1
:| . . . . . . . . . . . . . . . .|:2
:|. . . . . . . . . . . . . . . . |:3
:| . . . . . . . . . . . . . . . .|:4
:|. . . . . . . . . . . . . . . . |:5
:| . . . . . . . . . . . . . . . .|:6
:|. . . . . . . . . . . . . . . . |:7
:| ! o l l e h .   ! o l l e h .  |:8
:|. . . . . . . . . . . . . . . . |:9
:| . . . . . . . . . . . . . . . .|:10
:|. . . . . . . . . . . . . . . . |:11
:| . . . . . . . . . . . . . . . .|:12
:|. . . . . . . . . . . . . . . . |:13
:| . . . . . . . . . . . . . . . .|:14
:|. . . . . . . . . . . . . . . . |:15
:| . . . . . . . . . . . . . . . .|:16
:|________________________________|:
:| 1 2 3 4 5 6 7 8 9 0 1 2 3 4 5 6|:

took:0.01 size:36/42 interval:0.40 clear:1 direction:x
:|1 2 3 4 5 6 7 8 9 0 1 2 3 4 5 6 |:
:|________________________________|:
:|. . . . . . . . . . . . . . . . |:1
:| . . h . . . . . . . h . . . . .|:2
:|. . e . . . . . . . e . . . . . |:3
:| . l . . . . . . . l . . . . . .|:4
:|. l . . . . . . . l . . . . . . |:5
:| o . . . . . . . o . . . . . . .|:6
:|! . . . . . . . ! . . . . . . . |:7
:| . . . . . . .   . . . . . . .  |:8
:|. . . . . . . . . . . . . . . . |:9
:| . . . . . . h . . . . . . . h .|:10
:|. . . . . . e . . . . . . . e . |:11
:| . . . . . l . . . . . . . l . .|:12
:|. . . . . l . . . . . . . l . . |:13
:| . . . . o . . . . . . . o . . .|:14
:|. . . . ! . . . . . . . ! . . . |:15
:| . . .   . . . . . . .   . . . .|:16
:|________________________________|:
:| 1 2 3 4 5 6 7 8 9 0 1 2 3 4 5 6|:

took:0.01 size:37/42 interval:0.40 clear:1 direction:Z
:|1 2 3 4 5 6 7 8 9 0 1 2 3 4 5 6 |:
:|________________________________|:
:|. . . . . . . . . . . . . . . . |:1
:| . . . . h . . . . . . . h . . .|:2
:|. . . . . e . . . . . . . e . . |:3
:| . . . . . l . . . . . . . l . .|:4
:|. . . . . . l . . . . . . . l . |:5
:| . . . . . . o . . . . . . . o .|:6
:|. . . . . . . ! . . . . . . . ! |:7
:| . . . . . . .   . . . . . . .  |:8
:|. . . . . . . . . . . . . . . . |:9
:| h . . . . . . . h . . . . . . .|:10
:|. e . . . . . . . e . . . . . . |:11
:| . l . . . . . . . l . . . . . .|:12
:|. . l . . . . . . . l . . . . . |:13
:| . . o . . . . . . . o . . . . .|:14
:|. . . ! . . . . . . . ! . . . . |:15
:| . . .   . . . . . . .   . . . .|:16
:|________________________________|:
:| 1 2 3 4 5 6 7 8 9 0 1 2 3 4 5 6|:

took:0.01 size:38/42 interval:0.40 clear:1 direction:Y
:|1 2 3 4 5 6 7 8 9 0 1 2 3 4 5 6 |:
:|________________________________|:
:|. . . . . . . . . . . . . . . . |:1
:| . . . . . . . . . . . . . . . .|:2
:|. . . . . . . . . . . . . . . . |:3
:| . . . . . . . . . . . . . . . .|:4
:|. . . . . . . . . . . . . . . . |:5
:| . . . . . . . . . . . . . . . .|:6
:|. . . . . . . . . . . . . . . . |:7
:| . h e l l o !   . h e l l o !  |:8
:|. . . . . . . . . . . . . . . . |:9
:| . . . . . . . . . . . . . . . .|:10
:|. . . . . . . . . . . . . . . . |:11
:| . . . . . . . . . . . . . . . .|:12
:|. . . . . . . . . . . . . . . . |:13
:| . . . . . . . . . . . . . . . .|:14
:|. . . . . . . . . . . . . . . . |:15
:| . . . . . . . . . . . . . . . .|:16
:|________________________________|:
:| 1 2 3 4 5 6 7 8 9 0 1 2 3 4 5 6|:

took:0.01 size:39/42 interval:0.40 clear:1 direction:X
:|1 2 3 4 5 6 7 8 9 0 1 2 3 4 5 6 |:
:|________________________________|:
:|. . . ! . . . . . . . ! . . . . |:1
:| . . o . . . . . . . o . . . . .|:2
:|. . l . . . . . . . l . . . . . |:3
:| . l . . . . . . . l . . . . . .|:4
:|. e . . . . . . . e . . . . . . |:5
:| h . . . . . . . h . . . . . . .|:6
:|. . . . . . . . . . . . . . . . |:7
:| . . . . . . .   . . . . . . .  |:8
:|. . . . . . . ! . . . . . . . ! |:9
:| . . . . . . o . . . . . . . o .|:10
:|. . . . . . l . . . . . . . l . |:11
:| . . . . . l . . . . . . . l . .|:12
:|. . . . . e . . . . . . . e . . |:13
:| . . . . h . . . . . . . h . . .|:14
:|. . . . . . . . . . . . . . . . |:15
:| . . .   . . . . . . .   . . . .|:16
:|________________________________|:
:| 1 2 3 4 5 6 7 8 9 0 1 2 3 4 5 6|:

took:0.01 size:40/42 interval:0.40 clear:1 direction:z
:|1 2 3 4 5 6 7 8 9 0 1 2 3 4 5 6 |:
:|________________________________|:
:|. . . . ! . . . . . . . ! . . . |:1
:| . . . . o . . . . . . . o . . .|:2
:|. . . . . l . . . . . . . l . . |:3
:| . . . . . l . . . . . . . l . .|:4
:|. . . . . . e . . . . . . . e . |:5
:| . . . . . . h . . . . . . . h .|:6
:|. . . . . . . . . . . . . . . . |:7
:| . . . . . . .   . . . . . . .  |:8
:|! . . . . . . . ! . . . . . . . |:9
:| o . . . . . . . o . . . . . . .|:10
:|. l . . . . . . . l . . . . . . |:11
:| . l . . . . . . . l . . . . . .|:12
:|. . e . . . . . . . e . . . . . |:13
:| . . h . . . . . . . h . . . . .|:14
:|. . . . . . . . . . . . . . . . |:15
:| . . .   . . . . . . .   . . . .|:16
:|________________________________|:
:| 1 2 3 4 5 6 7 8 9 0 1 2 3 4 5 6|:

took:0.01 size:41/42 interval:0.40 clear:1 direction:y
:|1 2 3 4 5 6 7 8 9 0 1 2 3 4 5 6 |:
:|________________________________|:
:|. . . . . . . . . . . . . . . . |:1
:| . . . . . . . . . . . . . . . .|:2
:|. . . . . . . . . . . . . . . . |:3
:| . . . . . . . . . . . . . . . .|:4
:|. . . . . . . . . . . . . . . . |:5
:| . . . . . . . . . . . . . . . .|:6
:|. . . . . . . . . . . . . . . . |:7
:| ! o l l e h .   ! o l l e h .  |:8
:|. . . . . . . . . . . . . . . . |:9
:| . . . . . . . . . . . . . . . .|:10
:|. . . . . . . . . . . . . . . . |:11
:| . . . . . . . . . . . . . . . .|:12
:|. . . . . . . . . . . . . . . . |:13
:| . . . . . . . . . . . . . . . .|:14
:|. . . . . . . . . . . . . . . . |:15
:| . . . . . . . . . . . . . . . .|:16
:|________________________________|:
:| 1 2 3 4 5 6 7 8 9 0 1 2 3 4 5 6|:

took:0.01 size:42/42 interval:0.40 clear:1 direction:x
