make a dissapearing animated circle
:|1 2 3 4 5 6 7 8 9 0 1 2 3 4 5 6 7 8 9 0 1 2 3 4 5 6 7 8 9 0 1 2 3 4 5 6 7 8 9 0 |:
:|________________________________________________________________________________|:
:|. . . . . . . . . . . . . . . . . . . . . . . . . . . . . . . . . . . . . . . . |:1
:| . . . . . . . . . . . o o o o o o o o o o o o o o o o o . . . . . . . . . . . .|:2
:|. . . . . . . . . . o o o o o o o o o o o o o o o o o o o o . . . . . . . . . . |:3
:| . . . . . . . . o o o o o o o o o o o o o o o o o o o o o o o . . . . . . . . .|:4
:|. . . . . . . o o o o o o o o o o o o o o o o o o o o o o o o o o . . . . . . . |:5
:| . . . . . o o o o o o o o o o o o o o o o o o o o o o o o o o o o o . . . . . .|:6
:|. . . . . o o o o o o o o o o o o o o o o o o o o o o o o o o o o o o . . . . . |:7
:| . . . . o o o o o o o o o o o o o o o o o o o o o o o o o o o o o o o . . . . .|:8
:|. . . . o o o o o o o o o o o o o o o o o o o o o o o o o o o o o o o o . . . . |:9
:| . . o o o o o o o o o o o o o o o o o o o o o o o o o o o o o o o o o o o . . .|:10
:|. . . o o o o o o o o o o o o o o o o o o o o o o o o o o o o o o o o o o . . . |:11
:| . o o o o o o o o o o o o o o o o o o o o o o o o o o o o o o o o o o o o o . .|:12
:|. . o o o o o o o o o o o o o o o o o o o o o o o o o o o o o o o o o o o o . . |:13
:| . o o o o o o o o o o o o o o o o o o o o o o o o o o o o o o o o o o o o o . .|:14
:|. o o o o o o o o o o o o o o o o o o o o o o o o o o o o o o o o o o o o o o . |:15
:| . o o o o o o o o o o o o o o o o o o o o o o o o o o o o o o o o o o o o o . .|:16
:|. o o o o o o o o o o o o o o o o o o o o o o o o o o o o o o o o o o o o o o . |:17
:| . o o o o o o o o o o o o o o o o . . . . . o o o o o o o o o o o o o o o o . .|:18
:|. o o o o o o o o o o o o o o o o o . . . . o o o o o o o o o o o o o o o o o . |:19
:| . o o o o o o o o o o o o o o o o . . . . . o o o o o o o o o o o o o o o o . .|:20
:|. o o o o o o o o o o o o o o o o o . . . . o o o o o o o o o o o o o o o o o . |:21
:| . o o o o o o o o o o o o o o o o . . . . . o o o o o o o o o o o o o o o o . .|:22
:|. o o o o o o o o o o o o o o o o o o o o o o o o o o o o o o o o o o o o o o . |:23
:| . o o o o o o o o o o o o o o o o o o o o o o o o o o o o o o o o o o o o o . .|:24
:|. o o o o o o o o o o o o o o o o o o o o o o o o o o o o o o o o o o o o o o . |:25
:| . o o o o o o o o o o o o o o o o o o o o o o o o o o o o o o o o o o o o o . .|:26
:|. . o o o o o o o o o o o o o o o o o o o o o o o o o o o o o o o o o o o o . . |:27
:| . o o o o o o o o o o o o o o o o o o o o o o o o o o o o o o o o o o o o o . .|:28
:|. . . o o o o o o o o o o o o o o o o o o o o o o o o o o o o o o o o o o . . . |:29
:| . . o o o o o o o o o o o o o o o o o o o o o o o o o o o o o o o o o o o . . .|:30
:|. . . . o o o o o o o o o o o o o o o o o o o o o o o o o o o o o o o o . . . . |:31
:| . . . . o o o o o o o o o o o o o o o o o o o o o o o o o o o o o o o . . . . .|:32
:|. . . . . o o o o o o o o o o o o o o o o o o o o o o o o o o o o o o . . . . . |:33
:| . . . . . o o o o o o o o o o o o o o o o o o o o o o o o o o o o o . . . . . .|:34
:|. . . . . . . o o o o o o o o o o o o o o o o o o o o o o o o o o . . . . . . . |:35
:| . . . . . . . . o o o o o o o o o o o o o o o o o o o o o o o . . . . . . . . .|:36
:|. . . . . . . . . . o o o o o o o o o o o o o o o o o o o o . . . . . . . . . . |:37
:| . . . . . . . . . . . o o o o o o o o o o o o o o o o o . . . . . . . . . . . .|:38
:|. . . . . . . . . . . . . . . . . . . . . . . . . . . . . . . . . . . . . . . . |:39
:| . . . . . . . . . . . . . . . . . . . . . . . . . . . . . . . . . . . . . . . .|:40
:|________________________________________________________________________________|:
:| 1 2 3 4 5 6 7 8 9 0 1 2 3 4 5 6 7 8 9 0 1 2 3 4 5 6 7 8 9 0 1 2 3 4 5 6 7 8 9 0|:

took:0.01 size:2
:|1 2 3 4 5 6 7 8 9 0 1 2 3 4 5 6 7 8 9 0 1 2 3 4 5 6 7 8 9 0 1 2 3 4 5 6 7 8 9 0 |:
:|________________________________________________________________________________|:
:|. . . . . . . . . . . . . . . . . . . . . . . . . . . . . . . . . . . . . . . . |:1
:| . . . . . . . . . . . o o o o o o o o o o o o o o o o o . . . . . . . . . . . .|:2
:|. . . . . . . . . . o o o o o o o o o o o o o o o o o o o o . . . . . . . . . . |:3
:| . . . . . . . . o o o o o o o o o o o o o o o o o o o o o o o . . . . . . . . .|:4
:|. . . . . . . o o o o o o o o o o o o o o o o o o o o o o o o o o . . . . . . . |:5
:| . . . . . o o o o o o o o o o o o o o o o o o o o o o o o o o o o o . . . . . .|:6
:|. . . . . o o o o o o o o o o o o o o o o o o o o o o o o o o o o o o . . . . . |:7
:| . . . . o o o o o o o o o o o o o o o o o o o o o o o o o o o o o o o . . . . .|:8
:|. . . . o o o o o o o o o o o o o o o o o o o o o o o o o o o o o o o o . . . . |:9
:| . . o o o o o o o o o o o o o o o o o o o o o o o o o o o o o o o o o o o . . .|:10
:|. . . o o o o o o o o o o o o o o o o o o o o o o o o o o o o o o o o o o . . . |:11
:| . o o o o o o o o o o o o o o o o o o o o o o o o o o o o o o o o o o o o o . .|:12
:|. . o o o o o o o o o o o o o o o o o o o o o o o o o o o o o o o o o o o o . . |:13
:| . o o o o o o o o o o o o o o o o o o o o o o o o o o o o o o o o o o o o o . .|:14
:|. o o o o o o o o o o o o o o o o o o o o o o o o o o o o o o o o o o o o o o . |:15
:| . o o o o o o o o o o o o o o o o o o o o o o o o o o o o o o o o o o o o o . .|:16
:|. o o o o o o o o o o o o o o o o o . . . . o o o o o o o o o o o o o o o o o . |:17
:| . o o o o o o o o o o o o o o o . . . . . . . o o o o o o o o o o o o o o o . .|:18
:|. o o o o o o o o o o o o o o o o . . . . . . o o o o o o o o o o o o o o o o . |:19
:| . o o o o o o o o o o o o o o o . . . . . . . o o o o o o o o o o o o o o o . .|:20
:|. o o o o o o o o o o o o o o o o . . . . . . o o o o o o o o o o o o o o o o . |:21
:| . o o o o o o o o o o o o o o o . . . . . . . o o o o o o o o o o o o o o o . .|:22
:|. o o o o o o o o o o o o o o o o o . . . . o o o o o o o o o o o o o o o o o . |:23
:| . o o o o o o o o o o o o o o o o o o o o o o o o o o o o o o o o o o o o o . .|:24
:|. o o o o o o o o o o o o o o o o o o o o o o o o o o o o o o o o o o o o o o . |:25
:| . o o o o o o o o o o o o o o o o o o o o o o o o o o o o o o o o o o o o o . .|:26
:|. . o o o o o o o o o o o o o o o o o o o o o o o o o o o o o o o o o o o o . . |:27
:| . o o o o o o o o o o o o o o o o o o o o o o o o o o o o o o o o o o o o o . .|:28
:|. . . o o o o o o o o o o o o o o o o o o o o o o o o o o o o o o o o o o . . . |:29
:| . . o o o o o o o o o o o o o o o o o o o o o o o o o o o o o o o o o o o . . .|:30
:|. . . . o o o o o o o o o o o o o o o o o o o o o o o o o o o o o o o o . . . . |:31
:| . . . . o o o o o o o o o o o o o o o o o o o o o o o o o o o o o o o . . . . .|:32
:|. . . . . o o o o o o o o o o o o o o o o o o o o o o o o o o o o o o . . . . . |:33
:| . . . . . o o o o o o o o o o o o o o o o o o o o o o o o o o o o o . . . . . .|:34
:|. . . . . . . o o o o o o o o o o o o o o o o o o o o o o o o o o . . . . . . . |:35
:| . . . . . . . . o o o o o o o o o o o o o o o o o o o o o o o . . . . . . . . .|:36
:|. . . . . . . . . . o o o o o o o o o o o o o o o o o o o o . . . . . . . . . . |:37
:| . . . . . . . . . . . o o o o o o o o o o o o o o o o o . . . . . . . . . . . .|:38
:|. . . . . . . . . . . . . . . . . . . . . . . . . . . . . . . . . . . . . . . . |:39
:| . . . . . . . . . . . . . . . . . . . . . . . . . . . . . . . . . . . . . . . .|:40
:|________________________________________________________________________________|:
:| 1 2 3 4 5 6 7 8 9 0 1 2 3 4 5 6 7 8 9 0 1 2 3 4 5 6 7 8 9 0 1 2 3 4 5 6 7 8 9 0|:

took:0.01 size:3
:|1 2 3 4 5 6 7 8 9 0 1 2 3 4 5 6 7 8 9 0 1 2 3 4 5 6 7 8 9 0 1 2 3 4 5 6 7 8 9 0 |:
:|________________________________________________________________________________|:
:|. . . . . . . . . . . . . . . . . . . . . . . . . . . . . . . . . . . . . . . . |:1
:| . . . . . . . . . . . o o o o o o o o o o o o o o o o o . . . . . . . . . . . .|:2
:|. . . . . . . . . . o o o o o o o o o o o o o o o o o o o o . . . . . . . . . . |:3
:| . . . . . . . . o o o o o o o o o o o o o o o o o o o o o o o . . . . . . . . .|:4
:|. . . . . . . o o o o o o o o o o o o o o o o o o o o o o o o o o . . . . . . . |:5
:| . . . . . o o o o o o o o o o o o o o o o o o o o o o o o o o o o o . . . . . .|:6
:|. . . . . o o o o o o o o o o o o o o o o o o o o o o o o o o o o o o . . . . . |:7
:| . . . . o o o o o o o o o o o o o o o o o o o o o o o o o o o o o o o . . . . .|:8
:|. . . . o o o o o o o o o o o o o o o o o o o o o o o o o o o o o o o o . . . . |:9
:| . . o o o o o o o o o o o o o o o o o o o o o o o o o o o o o o o o o o o . . .|:10
:|. . . o o o o o o o o o o o o o o o o o o o o o o o o o o o o o o o o o o . . . |:11
:| . o o o o o o o o o o o o o o o o o o o o o o o o o o o o o o o o o o o o o . .|:12
:|. . o o o o o o o o o o o o o o o o o o o o o o o o o o o o o o o o o o o o . . |:13
:| . o o o o o o o o o o o o o o o o o o o o o o o o o o o o o o o o o o o o o . .|:14
:|. o o o o o o o o o o o o o o o o o o o o o o o o o o o o o o o o o o o o o o . |:15
:| . o o o o o o o o o o o o o o o o . . . . . o o o o o o o o o o o o o o o o . .|:16
:|. o o o o o o o o o o o o o o o o . . . . . . o o o o o o o o o o o o o o o o . |:17
:| . o o o o o o o o o o o o o o . . . . . . . . . o o o o o o o o o o o o o o . .|:18
:|. o o o o o o o o o o o o o o o . . . . . . . . o o o o o o o o o o o o o o o . |:19
:| . o o o o o o o o o o o o o o . . . . . . . . . o o o o o o o o o o o o o o . .|:20
:|. o o o o o o o o o o o o o o o . . . . . . . . o o o o o o o o o o o o o o o . |:21
:| . o o o o o o o o o o o o o o . . . . . . . . . o o o o o o o o o o o o o o . .|:22
:|. o o o o o o o o o o o o o o o o . . . . . . o o o o o o o o o o o o o o o o . |:23
:| . o o o o o o o o o o o o o o o o . . . . . o o o o o o o o o o o o o o o o . .|:24
:|. o o o o o o o o o o o o o o o o o o o o o o o o o o o o o o o o o o o o o o . |:25
:| . o o o o o o o o o o o o o o o o o o o o o o o o o o o o o o o o o o o o o . .|:26
:|. . o o o o o o o o o o o o o o o o o o o o o o o o o o o o o o o o o o o o . . |:27
:| . o o o o o o o o o o o o o o o o o o o o o o o o o o o o o o o o o o o o o . .|:28
:|. . . o o o o o o o o o o o o o o o o o o o o o o o o o o o o o o o o o o . . . |:29
:| . . o o o o o o o o o o o o o o o o o o o o o o o o o o o o o o o o o o o . . .|:30
:|. . . . o o o o o o o o o o o o o o o o o o o o o o o o o o o o o o o o . . . . |:31
:| . . . . o o o o o o o o o o o o o o o o o o o o o o o o o o o o o o o . . . . .|:32
:|. . . . . o o o o o o o o o o o o o o o o o o o o o o o o o o o o o o . . . . . |:33
:| . . . . . o o o o o o o o o o o o o o o o o o o o o o o o o o o o o . . . . . .|:34
:|. . . . . . . o o o o o o o o o o o o o o o o o o o o o o o o o o . . . . . . . |:35
:| . . . . . . . . o o o o o o o o o o o o o o o o o o o o o o o . . . . . . . . .|:36
:|. . . . . . . . . . o o o o o o o o o o o o o o o o o o o o . . . . . . . . . . |:37
:| . . . . . . . . . . . o o o o o o o o o o o o o o o o o . . . . . . . . . . . .|:38
:|. . . . . . . . . . . . . . . . . . . . . . . . . . . . . . . . . . . . . . . . |:39
:| . . . . . . . . . . . . . . . . . . . . . . . . . . . . . . . . . . . . . . . .|:40
:|________________________________________________________________________________|:
:| 1 2 3 4 5 6 7 8 9 0 1 2 3 4 5 6 7 8 9 0 1 2 3 4 5 6 7 8 9 0 1 2 3 4 5 6 7 8 9 0|:

took:0.01 size:4
:|1 2 3 4 5 6 7 8 9 0 1 2 3 4 5 6 7 8 9 0 1 2 3 4 5 6 7 8 9 0 1 2 3 4 5 6 7 8 9 0 |:
:|________________________________________________________________________________|:
:|. . . . . . . . . . . . . . . . . . . . . . . . . . . . . . . . . . . . . . . . |:1
:| . . . . . . . . . . . o o o o o o o o o o o o o o o o o . . . . . . . . . . . .|:2
:|. . . . . . . . . . o o o o o o o o o o o o o o o o o o o o . . . . . . . . . . |:3
:| . . . . . . . . o o o o o o o o o o o o o o o o o o o o o o o . . . . . . . . .|:4
:|. . . . . . . o o o o o o o o o o o o o o o o o o o o o o o o o o . . . . . . . |:5
:| . . . . . o o o o o o o o o o o o o o o o o o o o o o o o o o o o o . . . . . .|:6
:|. . . . . o o o o o o o o o o o o o o o o o o o o o o o o o o o o o o . . . . . |:7
:| . . . . o o o o o o o o o o o o o o o o o o o o o o o o o o o o o o o . . . . .|:8
:|. . . . o o o o o o o o o o o o o o o o o o o o o o o o o o o o o o o o . . . . |:9
:| . . o o o o o o o o o o o o o o o o o o o o o o o o o o o o o o o o o o o . . .|:10
:|. . . o o o o o o o o o o o o o o o o o o o o o o o o o o o o o o o o o o . . . |:11
:| . o o o o o o o o o o o o o o o o o o o o o o o o o o o o o o o o o o o o o . .|:12
:|. . o o o o o o o o o o o o o o o o o o o o o o o o o o o o o o o o o o o o . . |:13
:| . o o o o o o o o o o o o o o o o o o o o o o o o o o o o o o o o o o o o o . .|:14
:|. o o o o o o o o o o o o o o o o . . . . . . o o o o o o o o o o o o o o o o . |:15
:| . o o o o o o o o o o o o o o . . . . . . . . . o o o o o o o o o o o o o o . .|:16
:|. o o o o o o o o o o o o o o . . . . . . . . . . o o o o o o o o o o o o o o . |:17
:| . o o o o o o o o o o o o o . . . . . . . . . . . o o o o o o o o o o o o o . .|:18
:|. o o o o o o o o o o o o o o . . . . . . . . . . o o o o o o o o o o o o o o . |:19
:| . o o o o o o o o o o o o o . . . . . . . . . . . o o o o o o o o o o o o o . .|:20
:|. o o o o o o o o o o o o o o . . . . . . . . . . o o o o o o o o o o o o o o . |:21
:| . o o o o o o o o o o o o o . . . . . . . . . . . o o o o o o o o o o o o o . .|:22
:|. o o o o o o o o o o o o o o . . . . . . . . . . o o o o o o o o o o o o o o . |:23
:| . o o o o o o o o o o o o o o . . . . . . . . . o o o o o o o o o o o o o o . .|:24
:|. o o o o o o o o o o o o o o o o . . . . . . o o o o o o o o o o o o o o o o . |:25
:| . o o o o o o o o o o o o o o o o o o o o o o o o o o o o o o o o o o o o o . .|:26
:|. . o o o o o o o o o o o o o o o o o o o o o o o o o o o o o o o o o o o o . . |:27
:| . o o o o o o o o o o o o o o o o o o o o o o o o o o o o o o o o o o o o o . .|:28
:|. . . o o o o o o o o o o o o o o o o o o o o o o o o o o o o o o o o o o . . . |:29
:| . . o o o o o o o o o o o o o o o o o o o o o o o o o o o o o o o o o o o . . .|:30
:|. . . . o o o o o o o o o o o o o o o o o o o o o o o o o o o o o o o o . . . . |:31
:| . . . . o o o o o o o o o o o o o o o o o o o o o o o o o o o o o o o . . . . .|:32
:|. . . . . o o o o o o o o o o o o o o o o o o o o o o o o o o o o o o . . . . . |:33
:| . . . . . o o o o o o o o o o o o o o o o o o o o o o o o o o o o o . . . . . .|:34
:|. . . . . . . o o o o o o o o o o o o o o o o o o o o o o o o o o . . . . . . . |:35
:| . . . . . . . . o o o o o o o o o o o o o o o o o o o o o o o . . . . . . . . .|:36
:|. . . . . . . . . . o o o o o o o o o o o o o o o o o o o o . . . . . . . . . . |:37
:| . . . . . . . . . . . o o o o o o o o o o o o o o o o o . . . . . . . . . . . .|:38
:|. . . . . . . . . . . . . . . . . . . . . . . . . . . . . . . . . . . . . . . . |:39
:| . . . . . . . . . . . . . . . . . . . . . . . . . . . . . . . . . . . . . . . .|:40
:|________________________________________________________________________________|:
:| 1 2 3 4 5 6 7 8 9 0 1 2 3 4 5 6 7 8 9 0 1 2 3 4 5 6 7 8 9 0 1 2 3 4 5 6 7 8 9 0|:

took:0.01 size:5
:|1 2 3 4 5 6 7 8 9 0 1 2 3 4 5 6 7 8 9 0 1 2 3 4 5 6 7 8 9 0 1 2 3 4 5 6 7 8 9 0 |:
:|________________________________________________________________________________|:
:|. . . . . . . . . . . . . . . . . . . . . . . . . . . . . . . . . . . . . . . . |:1
:| . . . . . . . . . . . o o o o o o o o o o o o o o o o o . . . . . . . . . . . .|:2
:|. . . . . . . . . . o o o o o o o o o o o o o o o o o o o o . . . . . . . . . . |:3
:| . . . . . . . . o o o o o o o o o o o o o o o o o o o o o o o . . . . . . . . .|:4
:|. . . . . . . o o o o o o o o o o o o o o o o o o o o o o o o o o . . . . . . . |:5
:| . . . . . o o o o o o o o o o o o o o o o o o o o o o o o o o o o o . . . . . .|:6
:|. . . . . o o o o o o o o o o o o o o o o o o o o o o o o o o o o o o . . . . . |:7
:| . . . . o o o o o o o o o o o o o o o o o o o o o o o o o o o o o o o . . . . .|:8
:|. . . . o o o o o o o o o o o o o o o o o o o o o o o o o o o o o o o o . . . . |:9
:| . . o o o o o o o o o o o o o o o o o o o o o o o o o o o o o o o o o o o . . .|:10
:|. . . o o o o o o o o o o o o o o o o o o o o o o o o o o o o o o o o o o . . . |:11
:| . o o o o o o o o o o o o o o o o o o o o o o o o o o o o o o o o o o o o o . .|:12
:|. . o o o o o o o o o o o o o o o o o o o o o o o o o o o o o o o o o o o o . . |:13
:| . o o o o o o o o o o o o o o o . . . . . . . o o o o o o o o o o o o o o o . .|:14
:|. o o o o o o o o o o o o o o o . . . . . . . . o o o o o o o o o o o o o o o . |:15
:| . o o o o o o o o o o o o o . . . . . . . . . . . o o o o o o o o o o o o o . .|:16
:|. o o o o o o o o o o o o o . . . . . . . . . . . . o o o o o o o o o o o o o . |:17
:| . o o o o o o o o o o o o . . . . . . . . . . . . . o o o o o o o o o o o o . .|:18
:|. o o o o o o o o o o o o o . . . . . . . . . . . . o o o o o o o o o o o o o . |:19
:| . o o o o o o o o o o o o . . . . . . . . . . . . . o o o o o o o o o o o o . .|:20
:|. o o o o o o o o o o o o o . . . . . . . . . . . . o o o o o o o o o o o o o . |:21
:| . o o o o o o o o o o o o . . . . . . . . . . . . . o o o o o o o o o o o o . .|:22
:|. o o o o o o o o o o o o o . . . . . . . . . . . . o o o o o o o o o o o o o . |:23
:| . o o o o o o o o o o o o o . . . . . . . . . . . o o o o o o o o o o o o o . .|:24
:|. o o o o o o o o o o o o o o o . . . . . . . . o o o o o o o o o o o o o o o . |:25
:| . o o o o o o o o o o o o o o o . . . . . . . o o o o o o o o o o o o o o o . .|:26
:|. . o o o o o o o o o o o o o o o o o o o o o o o o o o o o o o o o o o o o . . |:27
:| . o o o o o o o o o o o o o o o o o o o o o o o o o o o o o o o o o o o o o . .|:28
:|. . . o o o o o o o o o o o o o o o o o o o o o o o o o o o o o o o o o o . . . |:29
:| . . o o o o o o o o o o o o o o o o o o o o o o o o o o o o o o o o o o o . . .|:30
:|. . . . o o o o o o o o o o o o o o o o o o o o o o o o o o o o o o o o . . . . |:31
:| . . . . o o o o o o o o o o o o o o o o o o o o o o o o o o o o o o o . . . . .|:32
:|. . . . . o o o o o o o o o o o o o o o o o o o o o o o o o o o o o o . . . . . |:33
:| . . . . . o o o o o o o o o o o o o o o o o o o o o o o o o o o o o . . . . . .|:34
:|. . . . . . . o o o o o o o o o o o o o o o o o o o o o o o o o o . . . . . . . |:35
:| . . . . . . . . o o o o o o o o o o o o o o o o o o o o o o o . . . . . . . . .|:36
:|. . . . . . . . . . o o o o o o o o o o o o o o o o o o o o . . . . . . . . . . |:37
:| . . . . . . . . . . . o o o o o o o o o o o o o o o o o . . . . . . . . . . . .|:38
:|. . . . . . . . . . . . . . . . . . . . . . . . . . . . . . . . . . . . . . . . |:39
:| . . . . . . . . . . . . . . . . . . . . . . . . . . . . . . . . . . . . . . . .|:40
:|________________________________________________________________________________|:
:| 1 2 3 4 5 6 7 8 9 0 1 2 3 4 5 6 7 8 9 0 1 2 3 4 5 6 7 8 9 0 1 2 3 4 5 6 7 8 9 0|:

took:0.01 size:6
:|1 2 3 4 5 6 7 8 9 0 1 2 3 4 5 6 7 8 9 0 1 2 3 4 5 6 7 8 9 0 1 2 3 4 5 6 7 8 9 0 |:
:|________________________________________________________________________________|:
:|. . . . . . . . . . . . . . . . . . . . . . . . . . . . . . . . . . . . . . . . |:1
:| . . . . . . . . . . . o o o o o o o o o o o o o o o o o . . . . . . . . . . . .|:2
:|. . . . . . . . . . o o o o o o o o o o o o o o o o o o o o . . . . . . . . . . |:3
:| . . . . . . . . o o o o o o o o o o o o o o o o o o o o o o o . . . . . . . . .|:4
:|. . . . . . . o o o o o o o o o o o o o o o o o o o o o o o o o o . . . . . . . |:5
:| . . . . . o o o o o o o o o o o o o o o o o o o o o o o o o o o o o . . . . . .|:6
:|. . . . . o o o o o o o o o o o o o o o o o o o o o o o o o o o o o o . . . . . |:7
:| . . . . o o o o o o o o o o o o o o o o o o o o o o o o o o o o o o o . . . . .|:8
:|. . . . o o o o o o o o o o o o o o o o o o o o o o o o o o o o o o o o . . . . |:9
:| . . o o o o o o o o o o o o o o o o o o o o o o o o o o o o o o o o o o o . . .|:10
:|. . . o o o o o o o o o o o o o o o o o o o o o o o o o o o o o o o o o o . . . |:11
:| . o o o o o o o o o o o o o o o o o o o o o o o o o o o o o o o o o o o o o . .|:12
:|. . o o o o o o o o o o o o o o o . . . . . . o o o o o o o o o o o o o o o . . |:13
:| . o o o o o o o o o o o o o . . . . . . . . . . . o o o o o o o o o o o o o . .|:14
:|. o o o o o o o o o o o o o . . . . . . . . . . . . o o o o o o o o o o o o o . |:15
:| . o o o o o o o o o o o o . . . . . . . . . . . . . o o o o o o o o o o o o . .|:16
:|. o o o o o o o o o o o o . . . . . . . . . . . . . . o o o o o o o o o o o o . |:17
:| . o o o o o o o o o o o . . . . . . . . . . . . . . . o o o o o o o o o o o . .|:18
:|. o o o o o o o o o o o o . . . . . . . . . . . . . . o o o o o o o o o o o o . |:19
:| . o o o o o o o o o o o . . . . . . . . . . . . . . . o o o o o o o o o o o . .|:20
:|. o o o o o o o o o o o o . . . . . . . . . . . . . . o o o o o o o o o o o o . |:21
:| . o o o o o o o o o o o . . . . . . . . . . . . . . . o o o o o o o o o o o . .|:22
:|. o o o o o o o o o o o o . . . . . . . . . . . . . . o o o o o o o o o o o o . |:23
:| . o o o o o o o o o o o o . . . . . . . . . . . . . o o o o o o o o o o o o . .|:24
:|. o o o o o o o o o o o o o . . . . . . . . . . . . o o o o o o o o o o o o o . |:25
:| . o o o o o o o o o o o o o . . . . . . . . . . . o o o o o o o o o o o o o . .|:26
:|. . o o o o o o o o o o o o o o o . . . . . . o o o o o o o o o o o o o o o . . |:27
:| . o o o o o o o o o o o o o o o o o o o o o o o o o o o o o o o o o o o o o . .|:28
:|. . . o o o o o o o o o o o o o o o o o o o o o o o o o o o o o o o o o o . . . |:29
:| . . o o o o o o o o o o o o o o o o o o o o o o o o o o o o o o o o o o o . . .|:30
:|. . . . o o o o o o o o o o o o o o o o o o o o o o o o o o o o o o o o . . . . |:31
:| . . . . o o o o o o o o o o o o o o o o o o o o o o o o o o o o o o o . . . . .|:32
:|. . . . . o o o o o o o o o o o o o o o o o o o o o o o o o o o o o o . . . . . |:33
:| . . . . . o o o o o o o o o o o o o o o o o o o o o o o o o o o o o . . . . . .|:34
:|. . . . . . . o o o o o o o o o o o o o o o o o o o o o o o o o o . . . . . . . |:35
:| . . . . . . . . o o o o o o o o o o o o o o o o o o o o o o o . . . . . . . . .|:36
:|. . . . . . . . . . o o o o o o o o o o o o o o o o o o o o . . . . . . . . . . |:37
:| . . . . . . . . . . . o o o o o o o o o o o o o o o o o . . . . . . . . . . . .|:38
:|. . . . . . . . . . . . . . . . . . . . . . . . . . . . . . . . . . . . . . . . |:39
:| . . . . . . . . . . . . . . . . . . . . . . . . . . . . . . . . . . . . . . . .|:40
:|________________________________________________________________________________|:
:| 1 2 3 4 5 6 7 8 9 0 1 2 3 4 5 6 7 8 9 0 1 2 3 4 5 6 7 8 9 0 1 2 3 4 5 6 7 8 9 0|:

took:0.01 size:7
:|1 2 3 4 5 6 7 8 9 0 1 2 3 4 5 6 7 8 9 0 1 2 3 4 5 6 7 8 9 0 1 2 3 4 5 6 7 8 9 0 |:
:|________________________________________________________________________________|:
:|. . . . . . . . . . . . . . . . . . . . . . . . . . . . . . . . . . . . . . . . |:1
:| . . . . . . . . . . . o o o o o o o o o o o o o o o o o . . . . . . . . . . . .|:2
:|. . . . . . . . . . o o o o o o o o o o o o o o o o o o o o . . . . . . . . . . |:3
:| . . . . . . . . o o o o o o o o o o o o o o o o o o o o o o o . . . . . . . . .|:4
:|. . . . . . . o o o o o o o o o o o o o o o o o o o o o o o o o o . . . . . . . |:5
:| . . . . . o o o o o o o o o o o o o o o o o o o o o o o o o o o o o . . . . . .|:6
:|. . . . . o o o o o o o o o o o o o o o o o o o o o o o o o o o o o o . . . . . |:7
:| . . . . o o o o o o o o o o o o o o o o o o o o o o o o o o o o o o o . . . . .|:8
:|. . . . o o o o o o o o o o o o o o o o o o o o o o o o o o o o o o o o . . . . |:9
:| . . o o o o o o o o o o o o o o o o o o o o o o o o o o o o o o o o o o o . . .|:10
:|. . . o o o o o o o o o o o o o o o o o o o o o o o o o o o o o o o o o o . . . |:11
:| . o o o o o o o o o o o o o o . . . . . . . . . o o o o o o o o o o o o o o . .|:12
:|. . o o o o o o o o o o o o o . . . . . . . . . . o o o o o o o o o o o o o . . |:13
:| . o o o o o o o o o o o o . . . . . . . . . . . . . o o o o o o o o o o o o . .|:14
:|. o o o o o o o o o o o o . . . . . . . . . . . . . . o o o o o o o o o o o o . |:15
:| . o o o o o o o o o o . . . . . . . . . . . . . . . . . o o o o o o o o o o . .|:16
:|. o o o o o o o o o o o . . . . . . . . . . . . . . . . o o o o o o o o o o o . |:17
:| . o o o o o o o o o o . . . . . . . . . . . . . . . . . o o o o o o o o o o . .|:18
:|. o o o o o o o o o o o . . . . . . . . . . . . . . . . o o o o o o o o o o o . |:19
:| . o o o o o o o o o o . . . . . . . . . . . . . . . . . o o o o o o o o o o . .|:20
:|. o o o o o o o o o o o . . . . . . . . . . . . . . . . o o o o o o o o o o o . |:21
:| . o o o o o o o o o o . . . . . . . . . . . . . . . . . o o o o o o o o o o . .|:22
:|. o o o o o o o o o o o . . . . . . . . . . . . . . . . o o o o o o o o o o o . |:23
:| . o o o o o o o o o o . . . . . . . . . . . . . . . . . o o o o o o o o o o . .|:24
:|. o o o o o o o o o o o o . . . . . . . . . . . . . . o o o o o o o o o o o o . |:25
:| . o o o o o o o o o o o o . . . . . . . . . . . . . o o o o o o o o o o o o . .|:26
:|. . o o o o o o o o o o o o o . . . . . . . . . . o o o o o o o o o o o o o . . |:27
:| . o o o o o o o o o o o o o o . . . . . . . . . o o o o o o o o o o o o o o . .|:28
:|. . . o o o o o o o o o o o o o o o o o o o o o o o o o o o o o o o o o o . . . |:29
:| . . o o o o o o o o o o o o o o o o o o o o o o o o o o o o o o o o o o o . . .|:30
:|. . . . o o o o o o o o o o o o o o o o o o o o o o o o o o o o o o o o . . . . |:31
:| . . . . o o o o o o o o o o o o o o o o o o o o o o o o o o o o o o o . . . . .|:32
:|. . . . . o o o o o o o o o o o o o o o o o o o o o o o o o o o o o o . . . . . |:33
:| . . . . . o o o o o o o o o o o o o o o o o o o o o o o o o o o o o . . . . . .|:34
:|. . . . . . . o o o o o o o o o o o o o o o o o o o o o o o o o o . . . . . . . |:35
:| . . . . . . . . o o o o o o o o o o o o o o o o o o o o o o o . . . . . . . . .|:36
:|. . . . . . . . . . o o o o o o o o o o o o o o o o o o o o . . . . . . . . . . |:37
:| . . . . . . . . . . . o o o o o o o o o o o o o o o o o . . . . . . . . . . . .|:38
:|. . . . . . . . . . . . . . . . . . . . . . . . . . . . . . . . . . . . . . . . |:39
:| . . . . . . . . . . . . . . . . . . . . . . . . . . . . . . . . . . . . . . . .|:40
:|________________________________________________________________________________|:
:| 1 2 3 4 5 6 7 8 9 0 1 2 3 4 5 6 7 8 9 0 1 2 3 4 5 6 7 8 9 0 1 2 3 4 5 6 7 8 9 0|:

took:0.01 size:8
:|1 2 3 4 5 6 7 8 9 0 1 2 3 4 5 6 7 8 9 0 1 2 3 4 5 6 7 8 9 0 1 2 3 4 5 6 7 8 9 0 |:
:|________________________________________________________________________________|:
:|. . . . . . . . . . . . . . . . . . . . . . . . . . . . . . . . . . . . . . . . |:1
:| . . . . . . . . . . . o o o o o o o o o o o o o o o o o . . . . . . . . . . . .|:2
:|. . . . . . . . . . o o o o o o o o o o o o o o o o o o o o . . . . . . . . . . |:3
:| . . . . . . . . o o o o o o o o o o o o o o o o o o o o o o o . . . . . . . . .|:4
:|. . . . . . . o o o o o o o o o o o o o o o o o o o o o o o o o o . . . . . . . |:5
:| . . . . . o o o o o o o o o o o o o o o o o o o o o o o o o o o o o . . . . . .|:6
:|. . . . . o o o o o o o o o o o o o o o o o o o o o o o o o o o o o o . . . . . |:7
:| . . . . o o o o o o o o o o o o o o o o o o o o o o o o o o o o o o o . . . . .|:8
:|. . . . o o o o o o o o o o o o o o o o o o o o o o o o o o o o o o o o . . . . |:9
:| . . o o o o o o o o o o o o o o o o o o o o o o o o o o o o o o o o o o o . . .|:10
:|. . . o o o o o o o o o o o o o . . . . . . . . o o o o o o o o o o o o o . . . |:11
:| . o o o o o o o o o o o o o . . . . . . . . . . . o o o o o o o o o o o o o . .|:12
:|. . o o o o o o o o o o o . . . . . . . . . . . . . . o o o o o o o o o o o . . |:13
:| . o o o o o o o o o o o . . . . . . . . . . . . . . . o o o o o o o o o o o . .|:14
:|. o o o o o o o o o o o . . . . . . . . . . . . . . . . o o o o o o o o o o o . |:15
:| . o o o o o o o o o . . . . . . . . . . . . . . . . . . . o o o o o o o o o . .|:16
:|. o o o o o o o o o o . . . . . . . . . . . . . . . . . . o o o o o o o o o o . |:17
:| . o o o o o o o o o . . . . . . . . . . . . . . . . . . . o o o o o o o o o . .|:18
:|. o o o o o o o o o o . . . . . . . . . . . . . . . . . . o o o o o o o o o o . |:19
:| . o o o o o o o o o . . . . . . . . . . . . . . . . . . . o o o o o o o o o . .|:20
:|. o o o o o o o o o o . . . . . . . . . . . . . . . . . . o o o o o o o o o o . |:21
:| . o o o o o o o o o . . . . . . . . . . . . . . . . . . . o o o o o o o o o . .|:22
:|. o o o o o o o o o o . . . . . . . . . . . . . . . . . . o o o o o o o o o o . |:23
:| . o o o o o o o o o . . . . . . . . . . . . . . . . . . . o o o o o o o o o . .|:24
:|. o o o o o o o o o o o . . . . . . . . . . . . . . . . o o o o o o o o o o o . |:25
:| . o o o o o o o o o o o . . . . . . . . . . . . . . . o o o o o o o o o o o . .|:26
:|. . o o o o o o o o o o o . . . . . . . . . . . . . . o o o o o o o o o o o . . |:27
:| . o o o o o o o o o o o o o . . . . . . . . . . . o o o o o o o o o o o o o . .|:28
:|. . . o o o o o o o o o o o o o . . . . . . . . o o o o o o o o o o o o o . . . |:29
:| . . o o o o o o o o o o o o o o o o o o o o o o o o o o o o o o o o o o o . . .|:30
:|. . . . o o o o o o o o o o o o o o o o o o o o o o o o o o o o o o o o . . . . |:31
:| . . . . o o o o o o o o o o o o o o o o o o o o o o o o o o o o o o o . . . . .|:32
:|. . . . . o o o o o o o o o o o o o o o o o o o o o o o o o o o o o o . . . . . |:33
:| . . . . . o o o o o o o o o o o o o o o o o o o o o o o o o o o o o . . . . . .|:34
:|. . . . . . . o o o o o o o o o o o o o o o o o o o o o o o o o o . . . . . . . |:35
:| . . . . . . . . o o o o o o o o o o o o o o o o o o o o o o o . . . . . . . . .|:36
:|. . . . . . . . . . o o o o o o o o o o o o o o o o o o o o . . . . . . . . . . |:37
:| . . . . . . . . . . . o o o o o o o o o o o o o o o o o . . . . . . . . . . . .|:38
:|. . . . . . . . . . . . . . . . . . . . . . . . . . . . . . . . . . . . . . . . |:39
:| . . . . . . . . . . . . . . . . . . . . . . . . . . . . . . . . . . . . . . . .|:40
:|________________________________________________________________________________|:
:| 1 2 3 4 5 6 7 8 9 0 1 2 3 4 5 6 7 8 9 0 1 2 3 4 5 6 7 8 9 0 1 2 3 4 5 6 7 8 9 0|:

took:0.01 size:9
:|1 2 3 4 5 6 7 8 9 0 1 2 3 4 5 6 7 8 9 0 1 2 3 4 5 6 7 8 9 0 1 2 3 4 5 6 7 8 9 0 |:
:|________________________________________________________________________________|:
:|. . . . . . . . . . . . . . . . . . . . . . . . . . . . . . . . . . . . . . . . |:1
:| . . . . . . . . . . . o o o o o o o o o o o o o o o o o . . . . . . . . . . . .|:2
:|. . . . . . . . . . o o o o o o o o o o o o o o o o o o o o . . . . . . . . . . |:3
:| . . . . . . . . o o o o o o o o o o o o o o o o o o o o o o o . . . . . . . . .|:4
:|. . . . . . . o o o o o o o o o o o o o o o o o o o o o o o o o o . . . . . . . |:5
:| . . . . . o o o o o o o o o o o o o o o o o o o o o o o o o o o o o . . . . . .|:6
:|. . . . . o o o o o o o o o o o o o o o o o o o o o o o o o o o o o o . . . . . |:7
:| . . . . o o o o o o o o o o o o o o o o o o o o o o o o o o o o o o o . . . . .|:8
:|. . . . o o o o o o o o o o o o o o o o o o o o o o o o o o o o o o o o . . . . |:9
:| . . o o o o o o o o o o o o o . . . . . . . . . o o o o o o o o o o o o o . . .|:10
:|. . . o o o o o o o o o o o . . . . . . . . . . . . o o o o o o o o o o o . . . |:11
:| . o o o o o o o o o o o . . . . . . . . . . . . . . . o o o o o o o o o o o . .|:12
:|. . o o o o o o o o o o . . . . . . . . . . . . . . . . o o o o o o o o o o . . |:13
:| . o o o o o o o o o . . . . . . . . . . . . . . . . . . . o o o o o o o o o . .|:14
:|. o o o o o o o o o o . . . . . . . . . . . . . . . . . . o o o o o o o o o o . |:15
:| . o o o o o o o o . . . . . . . . . . . . . . . . . . . . . o o o o o o o o . .|:16
:|. o o o o o o o o o . . . . . . . . . . . . . . . . . . . . o o o o o o o o o . |:17
:| . o o o o o o o o . . . . . . . . . . . . . . . . . . . . . o o o o o o o o . .|:18
:|. o o o o o o o o o . . . . . . . . . . . . . . . . . . . . o o o o o o o o o . |:19
:| . o o o o o o o o . . . . . . . . . . . . . . . . . . . . . o o o o o o o o . .|:20
:|. o o o o o o o o o . . . . . . . . . . . . . . . . . . . . o o o o o o o o o . |:21
:| . o o o o o o o o . . . . . . . . . . . . . . . . . . . . . o o o o o o o o . .|:22
:|. o o o o o o o o o . . . . . . . . . . . . . . . . . . . . o o o o o o o o o . |:23
:| . o o o o o o o o . . . . . . . . . . . . . . . . . . . . . o o o o o o o o . .|:24
:|. o o o o o o o o o o . . . . . . . . . . . . . . . . . . o o o o o o o o o o . |:25
:| . o o o o o o o o o . . . . . . . . . . . . . . . . . . . o o o o o o o o o . .|:26
:|. . o o o o o o o o o o . . . . . . . . . . . . . . . . o o o o o o o o o o . . |:27
:| . o o o o o o o o o o o . . . . . . . . . . . . . . . o o o o o o o o o o o . .|:28
:|. . . o o o o o o o o o o o . . . . . . . . . . . . o o o o o o o o o o o . . . |:29
:| . . o o o o o o o o o o o o o . . . . . . . . . o o o o o o o o o o o o o . . .|:30
:|. . . . o o o o o o o o o o o o o o o o o o o o o o o o o o o o o o o o . . . . |:31
:| . . . . o o o o o o o o o o o o o o o o o o o o o o o o o o o o o o o . . . . .|:32
:|. . . . . o o o o o o o o o o o o o o o o o o o o o o o o o o o o o o . . . . . |:33
:| . . . . . o o o o o o o o o o o o o o o o o o o o o o o o o o o o o . . . . . .|:34
:|. . . . . . . o o o o o o o o o o o o o o o o o o o o o o o o o o . . . . . . . |:35
:| . . . . . . . . o o o o o o o o o o o o o o o o o o o o o o o . . . . . . . . .|:36
:|. . . . . . . . . . o o o o o o o o o o o o o o o o o o o o . . . . . . . . . . |:37
:| . . . . . . . . . . . o o o o o o o o o o o o o o o o o . . . . . . . . . . . .|:38
:|. . . . . . . . . . . . . . . . . . . . . . . . . . . . . . . . . . . . . . . . |:39
:| . . . . . . . . . . . . . . . . . . . . . . . . . . . . . . . . . . . . . . . .|:40
:|________________________________________________________________________________|:
:| 1 2 3 4 5 6 7 8 9 0 1 2 3 4 5 6 7 8 9 0 1 2 3 4 5 6 7 8 9 0 1 2 3 4 5 6 7 8 9 0|:

took:0.02 size:10
:|1 2 3 4 5 6 7 8 9 0 1 2 3 4 5 6 7 8 9 0 1 2 3 4 5 6 7 8 9 0 1 2 3 4 5 6 7 8 9 0 |:
:|________________________________________________________________________________|:
:|. . . . . . . . . . . . . . . . . . . . . . . . . . . . . . . . . . . . . . . . |:1
:| . . . . . . . . . . . o o o o o o o o o o o o o o o o o . . . . . . . . . . . .|:2
:|. . . . . . . . . . o o o o o o o o o o o o o o o o o o o o . . . . . . . . . . |:3
:| . . . . . . . . o o o o o o o o o o o o o o o o o o o o o o o . . . . . . . . .|:4
:|. . . . . . . o o o o o o o o o o o o o o o o o o o o o o o o o o . . . . . . . |:5
:| . . . . . o o o o o o o o o o o o o o o o o o o o o o o o o o o o o . . . . . .|:6
:|. . . . . o o o o o o o o o o o o o o o o o o o o o o o o o o o o o o . . . . . |:7
:| . . . . o o o o o o o o o o o o o o o o o o o o o o o o o o o o o o o . . . . .|:8
:|. . . . o o o o o o o o o o o o . . . . . . . . o o o o o o o o o o o o . . . . |:9
:| . . o o o o o o o o o o o . . . . . . . . . . . . . o o o o o o o o o o o . . .|:10
:|. . . o o o o o o o o o o . . . . . . . . . . . . . . o o o o o o o o o o . . . |:11
:| . o o o o o o o o o o . . . . . . . . . . . . . . . . . o o o o o o o o o o . .|:12
:|. . o o o o o o o o o . . . . . . . . . . . . . . . . . . o o o o o o o o o . . |:13
:| . o o o o o o o o . . . . . . . . . . . . . . . . . . . . . o o o o o o o o . .|:14
:|. o o o o o o o o o . . . . . . . . . . . . . . . . . . . . o o o o o o o o o . |:15
:| . o o o o o o o . . . . . . . . . . . . . . . . . . . . . . . o o o o o o o . .|:16
:|. o o o o o o o o . . . . . . . . . . . . . . . . . . . . . . o o o o o o o o . |:17
:| . o o o o o o o . . . . . . . . . . . . . . . . . . . . . . . o o o o o o o . .|:18
:|. o o o o o o o o . . . . . . . . . . . . . . . . . . . . . . o o o o o o o o . |:19
:| . o o o o o o o . . . . . . . . . . . . . . . . . . . . . . . o o o o o o o . .|:20
:|. o o o o o o o o . . . . . . . . . . . . . . . . . . . . . . o o o o o o o o . |:21
:| . o o o o o o o . . . . . . . . . . . . . . . . . . . . . . . o o o o o o o . .|:22
:|. o o o o o o o o . . . . . . . . . . . . . . . . . . . . . . o o o o o o o o . |:23
:| . o o o o o o o . . . . . . . . . . . . . . . . . . . . . . . o o o o o o o . .|:24
:|. o o o o o o o o o . . . . . . . . . . . . . . . . . . . . o o o o o o o o o . |:25
:| . o o o o o o o o . . . . . . . . . . . . . . . . . . . . . o o o o o o o o . .|:26
:|. . o o o o o o o o o . . . . . . . . . . . . . . . . . . o o o o o o o o o . . |:27
:| . o o o o o o o o o o . . . . . . . . . . . . . . . . . o o o o o o o o o o . .|:28
:|. . . o o o o o o o o o o . . . . . . . . . . . . . . o o o o o o o o o o . . . |:29
:| . . o o o o o o o o o o o . . . . . . . . . . . . . o o o o o o o o o o o . . .|:30
:|. . . . o o o o o o o o o o o o . . . . . . . . o o o o o o o o o o o o . . . . |:31
:| . . . . o o o o o o o o o o o o o o o o o o o o o o o o o o o o o o o . . . . .|:32
:|. . . . . o o o o o o o o o o o o o o o o o o o o o o o o o o o o o o . . . . . |:33
:| . . . . . o o o o o o o o o o o o o o o o o o o o o o o o o o o o o . . . . . .|:34
:|. . . . . . . o o o o o o o o o o o o o o o o o o o o o o o o o o . . . . . . . |:35
:| . . . . . . . . o o o o o o o o o o o o o o o o o o o o o o o . . . . . . . . .|:36
:|. . . . . . . . . . o o o o o o o o o o o o o o o o o o o o . . . . . . . . . . |:37
:| . . . . . . . . . . . o o o o o o o o o o o o o o o o o . . . . . . . . . . . .|:38
:|. . . . . . . . . . . . . . . . . . . . . . . . . . . . . . . . . . . . . . . . |:39
:| . . . . . . . . . . . . . . . . . . . . . . . . . . . . . . . . . . . . . . . .|:40
:|________________________________________________________________________________|:
:| 1 2 3 4 5 6 7 8 9 0 1 2 3 4 5 6 7 8 9 0 1 2 3 4 5 6 7 8 9 0 1 2 3 4 5 6 7 8 9 0|:

took:0.01 size:11
:|1 2 3 4 5 6 7 8 9 0 1 2 3 4 5 6 7 8 9 0 1 2 3 4 5 6 7 8 9 0 1 2 3 4 5 6 7 8 9 0 |:
:|________________________________________________________________________________|:
:|. . . . . . . . . . . . . . . . . . . . . . . . . . . . . . . . . . . . . . . . |:1
:| . . . . . . . . . . . o o o o o o o o o o o o o o o o o . . . . . . . . . . . .|:2
:|. . . . . . . . . . o o o o o o o o o o o o o o o o o o o o . . . . . . . . . . |:3
:| . . . . . . . . o o o o o o o o o o o o o o o o o o o o o o o . . . . . . . . .|:4
:|. . . . . . . o o o o o o o o o o o o o o o o o o o o o o o o o o . . . . . . . |:5
:| . . . . . o o o o o o o o o o o o o o o o o o o o o o o o o o o o o . . . . . .|:6
:|. . . . . o o o o o o o o o o o o o o o o o o o o o o o o o o o o o o . . . . . |:7
:| . . . . o o o o o o o o o o o . . . . . . . . . o o o o o o o o o o o . . . . .|:8
:|. . . . o o o o o o o o o o . . . . . . . . . . . . o o o o o o o o o o . . . . |:9
:| . . o o o o o o o o o . . . . . . . . . . . . . . . . . o o o o o o o o o . . .|:10
:|. . . o o o o o o o o . . . . . . . . . . . . . . . . . . o o o o o o o o . . . |:11
:| . o o o o o o o o . . . . . . . . . . . . . . . . . . . . . o o o o o o o o . .|:12
:|. . o o o o o o o o . . . . . . . . . . . . . . . . . . . . o o o o o o o o . . |:13
:| . o o o o o o o . . . . . . . . . . . . . . . . . . . . . . . o o o o o o o . .|:14
:|. o o o o o o o o . . . . . . . . . . . . . . . . . . . . . . o o o o o o o o . |:15
:| . o o o o o o . . . . . . . . . . . . . . . . . . . . . . . . . o o o o o o . .|:16
:|. o o o o o o o . . . . . . . . . . . . . . . . . . . . . . . . o o o o o o o . |:17
:| . o o o o o o . . . . . . . . . . . . . . . . . . . . . . . . . o o o o o o . .|:18
:|. o o o o o o o . . . . . . . . . . . . . . . . . . . . . . . . o o o o o o o . |:19
:| . o o o o o o . . . . . . . . . . . . . . . . . . . . . . . . . o o o o o o . .|:20
:|. o o o o o o o . . . . . . . . . . . . . . . . . . . . . . . . o o o o o o o . |:21
:| . o o o o o o . . . . . . . . . . . . . . . . . . . . . . . . . o o o o o o . .|:22
:|. o o o o o o o . . . . . . . . . . . . . . . . . . . . . . . . o o o o o o o . |:23
:| . o o o o o o . . . . . . . . . . . . . . . . . . . . . . . . . o o o o o o . .|:24
:|. o o o o o o o o . . . . . . . . . . . . . . . . . . . . . . o o o o o o o o . |:25
:| . o o o o o o o . . . . . . . . . . . . . . . . . . . . . . . o o o o o o o . .|:26
:|. . o o o o o o o o . . . . . . . . . . . . . . . . . . . . o o o o o o o o . . |:27
:| . o o o o o o o o . . . . . . . . . . . . . . . . . . . . . o o o o o o o o . .|:28
:|. . . o o o o o o o o . . . . . . . . . . . . . . . . . . o o o o o o o o . . . |:29
:| . . o o o o o o o o o . . . . . . . . . . . . . . . . . o o o o o o o o o . . .|:30
:|. . . . o o o o o o o o o o . . . . . . . . . . . . o o o o o o o o o o . . . . |:31
:| . . . . o o o o o o o o o o o . . . . . . . . . o o o o o o o o o o o . . . . .|:32
:|. . . . . o o o o o o o o o o o o o o o o o o o o o o o o o o o o o o . . . . . |:33
:| . . . . . o o o o o o o o o o o o o o o o o o o o o o o o o o o o o . . . . . .|:34
:|. . . . . . . o o o o o o o o o o o o o o o o o o o o o o o o o o . . . . . . . |:35
:| . . . . . . . . o o o o o o o o o o o o o o o o o o o o o o o . . . . . . . . .|:36
:|. . . . . . . . . . o o o o o o o o o o o o o o o o o o o o . . . . . . . . . . |:37
:| . . . . . . . . . . . o o o o o o o o o o o o o o o o o . . . . . . . . . . . .|:38
:|. . . . . . . . . . . . . . . . . . . . . . . . . . . . . . . . . . . . . . . . |:39
:| . . . . . . . . . . . . . . . . . . . . . . . . . . . . . . . . . . . . . . . .|:40
:|________________________________________________________________________________|:
:| 1 2 3 4 5 6 7 8 9 0 1 2 3 4 5 6 7 8 9 0 1 2 3 4 5 6 7 8 9 0 1 2 3 4 5 6 7 8 9 0|:

took:0.01 size:12
:|1 2 3 4 5 6 7 8 9 0 1 2 3 4 5 6 7 8 9 0 1 2 3 4 5 6 7 8 9 0 1 2 3 4 5 6 7 8 9 0 |:
:|________________________________________________________________________________|:
:|. . . . . . . . . . . . . . . . . . . . . . . . . . . . . . . . . . . . . . . . |:1
:| . . . . . . . . . . . o o o o o o o o o o o o o o o o o . . . . . . . . . . . .|:2
:|. . . . . . . . . . o o o o o o o o o o o o o o o o o o o o . . . . . . . . . . |:3
:| . . . . . . . . o o o o o o o o o o o o o o o o o o o o o o o . . . . . . . . .|:4
:|. . . . . . . o o o o o o o o o o o o o o o o o o o o o o o o o o . . . . . . . |:5
:| . . . . . o o o o o o o o o o o o o o o o o o o o o o o o o o o o o . . . . . .|:6
:|. . . . . o o o o o o o o o o . . . . . . . . . . o o o o o o o o o o . . . . . |:7
:| . . . . o o o o o o o o . . . . . . . . . . . . . . . o o o o o o o o . . . . .|:8
:|. . . . o o o o o o o o . . . . . . . . . . . . . . . . o o o o o o o o . . . . |:9
:| . . o o o o o o o o . . . . . . . . . . . . . . . . . . . o o o o o o o o . . .|:10
:|. . . o o o o o o o . . . . . . . . . . . . . . . . . . . . o o o o o o o . . . |:11
:| . o o o o o o o . . . . . . . . . . . . . . . . . . . . . . . o o o o o o o . .|:12
:|. . o o o o o o . . . . . . . . . . . . . . . . . . . . . . . . o o o o o o . . |:13
:| . o o o o o o . . . . . . . . . . . . . . . . . . . . . . . . . o o o o o o . .|:14
:|. o o o o o o . . . . . . . . . . . . . . . . . . . . . . . . . . o o o o o o . |:15
:| . o o o o o . . . . . . . . . . . . . . . . . . . . . . . . . . . o o o o o . .|:16
:|. o o o o o o . . . . . . . . . . . . . . . . . . . . . . . . . . o o o o o o . |:17
:| . o o o o o . . . . . . . . . . . . . . . . . . . . . . . . . . . o o o o o . .|:18
:|. o o o o o o . . . . . . . . . . . . . . . . . . . . . . . . . . o o o o o o . |:19
:| . o o o o o . . . . . . . . . . . . . . . . . . . . . . . . . . . o o o o o . .|:20
:|. o o o o o o . . . . . . . . . . . . . . . . . . . . . . . . . . o o o o o o . |:21
:| . o o o o o . . . . . . . . . . . . . . . . . . . . . . . . . . . o o o o o . .|:22
:|. o o o o o o . . . . . . . . . . . . . . . . . . . . . . . . . . o o o o o o . |:23
:| . o o o o o . . . . . . . . . . . . . . . . . . . . . . . . . . . o o o o o . .|:24
:|. o o o o o o . . . . . . . . . . . . . . . . . . . . . . . . . . o o o o o o . |:25
:| . o o o o o o . . . . . . . . . . . . . . . . . . . . . . . . . o o o o o o . .|:26
:|. . o o o o o o . . . . . . . . . . . . . . . . . . . . . . . . o o o o o o . . |:27
:| . o o o o o o o . . . . . . . . . . . . . . . . . . . . . . . o o o o o o o . .|:28
:|. . . o o o o o o o . . . . . . . . . . . . . . . . . . . . o o o o o o o . . . |:29
:| . . o o o o o o o o . . . . . . . . . . . . . . . . . . . o o o o o o o o . . .|:30
:|. . . . o o o o o o o o . . . . . . . . . . . . . . . . o o o o o o o o . . . . |:31
:| . . . . o o o o o o o o . . . . . . . . . . . . . . . o o o o o o o o . . . . .|:32
:|. . . . . o o o o o o o o o o . . . . . . . . . . o o o o o o o o o o . . . . . |:33
:| . . . . . o o o o o o o o o o o o o o o o o o o o o o o o o o o o o . . . . . .|:34
:|. . . . . . . o o o o o o o o o o o o o o o o o o o o o o o o o o . . . . . . . |:35
:| . . . . . . . . o o o o o o o o o o o o o o o o o o o o o o o . . . . . . . . .|:36
:|. . . . . . . . . . o o o o o o o o o o o o o o o o o o o o . . . . . . . . . . |:37
:| . . . . . . . . . . . o o o o o o o o o o o o o o o o o . . . . . . . . . . . .|:38
:|. . . . . . . . . . . . . . . . . . . . . . . . . . . . . . . . . . . . . . . . |:39
:| . . . . . . . . . . . . . . . . . . . . . . . . . . . . . . . . . . . . . . . .|:40
:|________________________________________________________________________________|:
:| 1 2 3 4 5 6 7 8 9 0 1 2 3 4 5 6 7 8 9 0 1 2 3 4 5 6 7 8 9 0 1 2 3 4 5 6 7 8 9 0|:

took:0.01 size:13
:|1 2 3 4 5 6 7 8 9 0 1 2 3 4 5 6 7 8 9 0 1 2 3 4 5 6 7 8 9 0 1 2 3 4 5 6 7 8 9 0 |:
:|________________________________________________________________________________|:
:|. . . . . . . . . . . . . . . . . . . . . . . . . . . . . . . . . . . . . . . . |:1
:| . . . . . . . . . . . o o o o o o o o o o o o o o o o o . . . . . . . . . . . .|:2
:|. . . . . . . . . . o o o o o o o o o o o o o o o o o o o o . . . . . . . . . . |:3
:| . . . . . . . . o o o o o o o o o o o o o o o o o o o o o o o . . . . . . . . .|:4
:|. . . . . . . o o o o o o o o o o o o o o o o o o o o o o o o o o . . . . . . . |:5
:| . . . . . o o o o o o o o o . . . . . . . . . . . o o o o o o o o o . . . . . .|:6
:|. . . . . o o o o o o o o . . . . . . . . . . . . . . o o o o o o o o . . . . . |:7
:| . . . . o o o o o o o . . . . . . . . . . . . . . . . . o o o o o o o . . . . .|:8
:|. . . . o o o o o o . . . . . . . . . . . . . . . . . . . . o o o o o o . . . . |:9
:| . . o o o o o o . . . . . . . . . . . . . . . . . . . . . . . o o o o o o . . .|:10
:|. . . o o o o o o . . . . . . . . . . . . . . . . . . . . . . o o o o o o . . . |:11
:| . o o o o o o . . . . . . . . . . . . . . . . . . . . . . . . . o o o o o o . .|:12
:|. . o o o o o . . . . . . . . . . . . . . . . . . . . . . . . . . o o o o o . . |:13
:| . o o o o o . . . . . . . . . . . . . . . . . . . . . . . . . . . o o o o o . .|:14
:|. o o o o o . . . . . . . . . . . . . . . . . . . . . . . . . . . . o o o o o . |:15
:| . o o o o . . . . . . . . . . . . . . . . . . . . . . . . . . . . . o o o o . .|:16
:|. o o o o o . . . . . . . . . . . . . . . . . . . . . . . . . . . . o o o o o . |:17
:| . o o o o . . . . . . . . . . . . . . . . . . . . . . . . . . . . . o o o o . .|:18
:|. o o o o o . . . . . . . . . . . . . . . . . . . . . . . . . . . . o o o o o . |:19
:| . o o o o . . . . . . . . . . . . . . . . . . . . . . . . . . . . . o o o o . .|:20
:|. o o o o o . . . . . . . . . . . . . . . . . . . . . . . . . . . . o o o o o . |:21
:| . o o o o . . . . . . . . . . . . . . . . . . . . . . . . . . . . . o o o o . .|:22
:|. o o o o o . . . . . . . . . . . . . . . . . . . . . . . . . . . . o o o o o . |:23
:| . o o o o . . . . . . . . . . . . . . . . . . . . . . . . . . . . . o o o o . .|:24
:|. o o o o o . . . . . . . . . . . . . . . . . . . . . . . . . . . . o o o o o . |:25
:| . o o o o o . . . . . . . . . . . . . . . . . . . . . . . . . . . o o o o o . .|:26
:|. . o o o o o . . . . . . . . . . . . . . . . . . . . . . . . . . o o o o o . . |:27
:| . o o o o o o . . . . . . . . . . . . . . . . . . . . . . . . . o o o o o o . .|:28
:|. . . o o o o o o . . . . . . . . . . . . . . . . . . . . . . o o o o o o . . . |:29
:| . . o o o o o o . . . . . . . . . . . . . . . . . . . . . . . o o o o o o . . .|:30
:|. . . . o o o o o o . . . . . . . . . . . . . . . . . . . . o o o o o o . . . . |:31
:| . . . . o o o o o o o . . . . . . . . . . . . . . . . . o o o o o o o . . . . .|:32
:|. . . . . o o o o o o o o . . . . . . . . . . . . . . o o o o o o o o . . . . . |:33
:| . . . . . o o o o o o o o o . . . . . . . . . . . o o o o o o o o o . . . . . .|:34
:|. . . . . . . o o o o o o o o o o o o o o o o o o o o o o o o o o . . . . . . . |:35
:| . . . . . . . . o o o o o o o o o o o o o o o o o o o o o o o . . . . . . . . .|:36
:|. . . . . . . . . . o o o o o o o o o o o o o o o o o o o o . . . . . . . . . . |:37
:| . . . . . . . . . . . o o o o o o o o o o o o o o o o o . . . . . . . . . . . .|:38
:|. . . . . . . . . . . . . . . . . . . . . . . . . . . . . . . . . . . . . . . . |:39
:| . . . . . . . . . . . . . . . . . . . . . . . . . . . . . . . . . . . . . . . .|:40
:|________________________________________________________________________________|:
:| 1 2 3 4 5 6 7 8 9 0 1 2 3 4 5 6 7 8 9 0 1 2 3 4 5 6 7 8 9 0 1 2 3 4 5 6 7 8 9 0|:

took:0.01 size:14
:|1 2 3 4 5 6 7 8 9 0 1 2 3 4 5 6 7 8 9 0 1 2 3 4 5 6 7 8 9 0 1 2 3 4 5 6 7 8 9 0 |:
:|________________________________________________________________________________|:
:|. . . . . . . . . . . . . . . . . . . . . . . . . . . . . . . . . . . . . . . . |:1
:| . . . . . . . . . . . o o o o o o o o o o o o o o o o o . . . . . . . . . . . .|:2
:|. . . . . . . . . . o o o o o o o o o o o o o o o o o o o o . . . . . . . . . . |:3
:| . . . . . . . . o o o o o o o o o o o o o o o o o o o o o o o . . . . . . . . .|:4
:|. . . . . . . o o o o o o o o . . . . . . . . . . o o o o o o o o . . . . . . . |:5
:| . . . . . o o o o o o o . . . . . . . . . . . . . . . o o o o o o o . . . . . .|:6
:|. . . . . o o o o o o . . . . . . . . . . . . . . . . . . o o o o o o . . . . . |:7
:| . . . . o o o o o . . . . . . . . . . . . . . . . . . . . . o o o o o . . . . .|:8
:|. . . . o o o o o . . . . . . . . . . . . . . . . . . . . . . o o o o o . . . . |:9
:| . . o o o o o . . . . . . . . . . . . . . . . . . . . . . . . . o o o o o . . .|:10
:|. . . o o o o . . . . . . . . . . . . . . . . . . . . . . . . . . o o o o . . . |:11
:| . o o o o o . . . . . . . . . . . . . . . . . . . . . . . . . . . o o o o o . .|:12
:|. . o o o o . . . . . . . . . . . . . . . . . . . . . . . . . . . . o o o o . . |:13
:| . o o o o . . . . . . . . . . . . . . . . . . . . . . . . . . . . . o o o o . .|:14
:|. o o o o . . . . . . . . . . . . . . . . . . . . . . . . . . . . . . o o o o . |:15
:| . o o o . . . . . . . . . . . . . . . . . . . . . . . . . . . . . . . o o o . .|:16
:|. o o o o . . . . . . . . . . . . . . . . . . . . . . . . . . . . . . o o o o . |:17
:| . o o o . . . . . . . . . . . . . . . . . . . . . . . . . . . . . . . o o o . .|:18
:|. o o o o . . . . . . . . . . . . . . . . . . . . . . . . . . . . . . o o o o . |:19
:| . o o o . . . . . . . . . . . . . . . . . . . . . . . . . . . . . . . o o o . .|:20
:|. o o o o . . . . . . . . . . . . . . . . . . . . . . . . . . . . . . o o o o . |:21
:| . o o o . . . . . . . . . . . . . . . . . . . . . . . . . . . . . . . o o o . .|:22
:|. o o o o . . . . . . . . . . . . . . . . . . . . . . . . . . . . . . o o o o . |:23
:| . o o o . . . . . . . . . . . . . . . . . . . . . . . . . . . . . . . o o o . .|:24
:|. o o o o . . . . . . . . . . . . . . . . . . . . . . . . . . . . . . o o o o . |:25
:| . o o o o . . . . . . . . . . . . . . . . . . . . . . . . . . . . . o o o o . .|:26
:|. . o o o o . . . . . . . . . . . . . . . . . . . . . . . . . . . . o o o o . . |:27
:| . o o o o o . . . . . . . . . . . . . . . . . . . . . . . . . . . o o o o o . .|:28
:|. . . o o o o . . . . . . . . . . . . . . . . . . . . . . . . . . o o o o . . . |:29
:| . . o o o o o . . . . . . . . . . . . . . . . . . . . . . . . . o o o o o . . .|:30
:|. . . . o o o o o . . . . . . . . . . . . . . . . . . . . . . o o o o o . . . . |:31
:| . . . . o o o o o . . . . . . . . . . . . . . . . . . . . . o o o o o . . . . .|:32
:|. . . . . o o o o o o . . . . . . . . . . . . . . . . . . o o o o o o . . . . . |:33
:| . . . . . o o o o o o o . . . . . . . . . . . . . . . o o o o o o o . . . . . .|:34
:|. . . . . . . o o o o o o o o . . . . . . . . . . o o o o o o o o . . . . . . . |:35
:| . . . . . . . . o o o o o o o o o o o o o o o o o o o o o o o . . . . . . . . .|:36
:|. . . . . . . . . . o o o o o o o o o o o o o o o o o o o o . . . . . . . . . . |:37
:| . . . . . . . . . . . o o o o o o o o o o o o o o o o o . . . . . . . . . . . .|:38
:|. . . . . . . . . . . . . . . . . . . . . . . . . . . . . . . . . . . . . . . . |:39
:| . . . . . . . . . . . . . . . . . . . . . . . . . . . . . . . . . . . . . . . .|:40
:|________________________________________________________________________________|:
:| 1 2 3 4 5 6 7 8 9 0 1 2 3 4 5 6 7 8 9 0 1 2 3 4 5 6 7 8 9 0 1 2 3 4 5 6 7 8 9 0|:

took:0.01 size:15
:|1 2 3 4 5 6 7 8 9 0 1 2 3 4 5 6 7 8 9 0 1 2 3 4 5 6 7 8 9 0 1 2 3 4 5 6 7 8 9 0 |:
:|________________________________________________________________________________|:
:|. . . . . . . . . . . . . . . . . . . . . . . . . . . . . . . . . . . . . . . . |:1
:| . . . . . . . . . . . o o o o o o o o o o o o o o o o o . . . . . . . . . . . .|:2
:|. . . . . . . . . . o o o o o o o o o o o o o o o o o o o o . . . . . . . . . . |:3
:| . . . . . . . . o o o o o o . . . . . . . . . . . o o o o o o . . . . . . . . .|:4
:|. . . . . . . o o o o o o . . . . . . . . . . . . . . o o o o o o . . . . . . . |:5
:| . . . . . o o o o o . . . . . . . . . . . . . . . . . . . o o o o o . . . . . .|:6
:|. . . . . o o o o o . . . . . . . . . . . . . . . . . . . . o o o o o . . . . . |:7
:| . . . . o o o . . . . . . . . . . . . . . . . . . . . . . . . . o o o . . . . .|:8
:|. . . . o o o o . . . . . . . . . . . . . . . . . . . . . . . . o o o o . . . . |:9
:| . . o o o o . . . . . . . . . . . . . . . . . . . . . . . . . . . o o o o . . .|:10
:|. . . o o o . . . . . . . . . . . . . . . . . . . . . . . . . . . . o o o . . . |:11
:| . o o o o . . . . . . . . . . . . . . . . . . . . . . . . . . . . . o o o o . .|:12
:|. . o o o . . . . . . . . . . . . . . . . . . . . . . . . . . . . . . o o o . . |:13
:| . o o o . . . . . . . . . . . . . . . . . . . . . . . . . . . . . . . o o o . .|:14
:|. o o o . . . . . . . . . . . . . . . . . . . . . . . . . . . . . . . . o o o . |:15
:| . o o . . . . . . . . . . . . . . . . . . . . . . . . . . . . . . . . . o o . .|:16
:|. o o o . . . . . . . . . . . . . . . . . . . . . . . . . . . . . . . . o o o . |:17
:| . o o . . . . . . . . . . . . . . . . . . . . . . . . . . . . . . . . . o o . .|:18
:|. o o o . . . . . . . . . . . . . . . . . . . . . . . . . . . . . . . . o o o . |:19
:| . o o . . . . . . . . . . . . . . . . . . . . . . . . . . . . . . . . . o o . .|:20
:|. o o o . . . . . . . . . . . . . . . . . . . . . . . . . . . . . . . . o o o . |:21
:| . o o . . . . . . . . . . . . . . . . . . . . . . . . . . . . . . . . . o o . .|:22
:|. o o o . . . . . . . . . . . . . . . . . . . . . . . . . . . . . . . . o o o . |:23
:| . o o . . . . . . . . . . . . . . . . . . . . . . . . . . . . . . . . . o o . .|:24
:|. o o o . . . . . . . . . . . . . . . . . . . . . . . . . . . . . . . . o o o . |:25
:| . o o o . . . . . . . . . . . . . . . . . . . . . . . . . . . . . . . o o o . .|:26
:|. . o o o . . . . . . . . . . . . . . . . . . . . . . . . . . . . . . o o o . . |:27
:| . o o o o . . . . . . . . . . . . . . . . . . . . . . . . . . . . . o o o o . .|:28
:|. . . o o o . . . . . . . . . . . . . . . . . . . . . . . . . . . . o o o . . . |:29
:| . . o o o o . . . . . . . . . . . . . . . . . . . . . . . . . . . o o o o . . .|:30
:|. . . . o o o o . . . . . . . . . . . . . . . . . . . . . . . . o o o o . . . . |:31
:| . . . . o o o . . . . . . . . . . . . . . . . . . . . . . . . . o o o . . . . .|:32
:|. . . . . o o o o o . . . . . . . . . . . . . . . . . . . . o o o o o . . . . . |:33
:| . . . . . o o o o o . . . . . . . . . . . . . . . . . . . o o o o o . . . . . .|:34
:|. . . . . . . o o o o o o . . . . . . . . . . . . . . o o o o o o . . . . . . . |:35
:| . . . . . . . . o o o o o o . . . . . . . . . . . o o o o o o . . . . . . . . .|:36
:|. . . . . . . . . . o o o o o o o o o o o o o o o o o o o o . . . . . . . . . . |:37
:| . . . . . . . . . . . o o o o o o o o o o o o o o o o o . . . . . . . . . . . .|:38
:|. . . . . . . . . . . . . . . . . . . . . . . . . . . . . . . . . . . . . . . . |:39
:| . . . . . . . . . . . . . . . . . . . . . . . . . . . . . . . . . . . . . . . .|:40
:|________________________________________________________________________________|:
:| 1 2 3 4 5 6 7 8 9 0 1 2 3 4 5 6 7 8 9 0 1 2 3 4 5 6 7 8 9 0 1 2 3 4 5 6 7 8 9 0|:

took:0.01 size:16
:|1 2 3 4 5 6 7 8 9 0 1 2 3 4 5 6 7 8 9 0 1 2 3 4 5 6 7 8 9 0 1 2 3 4 5 6 7 8 9 0 |:
:|________________________________________________________________________________|:
:|. . . . . . . . . . . . . . . . . . . . . . . . . . . . . . . . . . . . . . . . |:1
:| . . . . . . . . . . . o o o o o o o o o o o o o o o o o . . . . . . . . . . . .|:2
:|. . . . . . . . . . o o o o o . . . . . . . . . . o o o o o . . . . . . . . . . |:3
:| . . . . . . . . o o o . . . . . . . . . . . . . . . . . o o o . . . . . . . . .|:4
:|. . . . . . . o o o o . . . . . . . . . . . . . . . . . . o o o o . . . . . . . |:5
:| . . . . . o o o . . . . . . . . . . . . . . . . . . . . . . . o o o . . . . . .|:6
:|. . . . . o o o . . . . . . . . . . . . . . . . . . . . . . . . o o o . . . . . |:7
:| . . . . o o . . . . . . . . . . . . . . . . . . . . . . . . . . . o o . . . . .|:8
:|. . . . o o . . . . . . . . . . . . . . . . . . . . . . . . . . . . o o . . . . |:9
:| . . o o o . . . . . . . . . . . . . . . . . . . . . . . . . . . . . o o o . . .|:10
:|. . . o o . . . . . . . . . . . . . . . . . . . . . . . . . . . . . . o o . . . |:11
:| . o o . . . . . . . . . . . . . . . . . . . . . . . . . . . . . . . . . o o . .|:12
:|. . o o . . . . . . . . . . . . . . . . . . . . . . . . . . . . . . . . o o . . |:13
:| . o o . . . . . . . . . . . . . . . . . . . . . . . . . . . . . . . . . o o . .|:14
:|. o o . . . . . . . . . . . . . . . . . . . . . . . . . . . . . . . . . . o o . |:15
:| . o . . . . . . . . . . . . . . . . . . . . . . . . . . . . . . . . . . . o . .|:16
:|. o o . . . . . . . . . . . . . . . . . . . . . . . . . . . . . . . . . . o o . |:17
:| . o . . . . . . . . . . . . . . . . . . . . . . . . . . . . . . . . . . . o . .|:18
:|. o o . . . . . . . . . . . . . . . . . . . . . . . . . . . . . . . . . . o o . |:19
:| . o . . . . . . . . . . . . . . . . . . . . . . . . . . . . . . . . . . . o . .|:20
:|. o o . . . . . . . . . . . . . . . . . . . . . . . . . . . . . . . . . . o o . |:21
:| . o . . . . . . . . . . . . . . . . . . . . . . . . . . . . . . . . . . . o . .|:22
:|. o o . . . . . . . . . . . . . . . . . . . . . . . . . . . . . . . . . . o o . |:23
:| . o . . . . . . . . . . . . . . . . . . . . . . . . . . . . . . . . . . . o . .|:24
:|. o o . . . . . . . . . . . . . . . . . . . . . . . . . . . . . . . . . . o o . |:25
:| . o o . . . . . . . . . . . . . . . . . . . . . . . . . . . . . . . . . o o . .|:26
:|. . o o . . . . . . . . . . . . . . . . . . . . . . . . . . . . . . . . o o . . |:27
:| . o o . . . . . . . . . . . . . . . . . . . . . . . . . . . . . . . . . o o . .|:28
:|. . . o o . . . . . . . . . . . . . . . . . . . . . . . . . . . . . . o o . . . |:29
:| . . o o o . . . . . . . . . . . . . . . . . . . . . . . . . . . . . o o o . . .|:30
:|. . . . o o . . . . . . . . . . . . . . . . . . . . . . . . . . . . o o . . . . |:31
:| . . . . o o . . . . . . . . . . . . . . . . . . . . . . . . . . . o o . . . . .|:32
:|. . . . . o o o . . . . . . . . . . . . . . . . . . . . . . . . o o o . . . . . |:33
:| . . . . . o o o . . . . . . . . . . . . . . . . . . . . . . . o o o . . . . . .|:34
:|. . . . . . . o o o o . . . . . . . . . . . . . . . . . . o o o o . . . . . . . |:35
:| . . . . . . . . o o o . . . . . . . . . . . . . . . . . o o o . . . . . . . . .|:36
:|. . . . . . . . . . o o o o o . . . . . . . . . . o o o o o . . . . . . . . . . |:37
:| . . . . . . . . . . . o o o o o o o o o o o o o o o o o . . . . . . . . . . . .|:38
:|. . . . . . . . . . . . . . . . . . . . . . . . . . . . . . . . . . . . . . . . |:39
:| . . . . . . . . . . . . . . . . . . . . . . . . . . . . . . . . . . . . . . . .|:40
:|________________________________________________________________________________|:
:| 1 2 3 4 5 6 7 8 9 0 1 2 3 4 5 6 7 8 9 0 1 2 3 4 5 6 7 8 9 0 1 2 3 4 5 6 7 8 9 0|:

took:0.01 size:17
:|1 2 3 4 5 6 7 8 9 0 1 2 3 4 5 6 7 8 9 0 1 2 3 4 5 6 7 8 9 0 1 2 3 4 5 6 7 8 9 0 |:
:|________________________________________________________________________________|:
:|. . . . . . . . . . . . . . . . . . . . . . . . . . . . . . . . . . . . . . . . |:1
:| . . . . . . . . . . . o o . . . . . . . . . . . . . o o . . . . . . . . . . . .|:2
:|. . . . . . . . . . o o . . . . . . . . . . . . . . . . o o . . . . . . . . . . |:3
:| . . . . . . . . o . . . . . . . . . . . . . . . . . . . . . o . . . . . . . . .|:4
:|. . . . . . . o o . . . . . . . . . . . . . . . . . . . . . . o o . . . . . . . |:5
:| . . . . . o o . . . . . . . . . . . . . . . . . . . . . . . . . o o . . . . . .|:6
:|. . . . . o o . . . . . . . . . . . . . . . . . . . . . . . . . . o o . . . . . |:7
:| . . . . o . . . . . . . . . . . . . . . . . . . . . . . . . . . . . o . . . . .|:8
:|. . . . o . . . . . . . . . . . . . . . . . . . . . . . . . . . . . . o . . . . |:9
:| . . o . . . . . . . . . . . . . . . . . . . . . . . . . . . . . . . . . o . . .|:10
:|. . . o . . . . . . . . . . . . . . . . . . . . . . . . . . . . . . . . o . . . |:11
:| . o . . . . . . . . . . . . . . . . . . . . . . . . . . . . . . . . . . . o . .|:12
:|. . o . . . . . . . . . . . . . . . . . . . . . . . . . . . . . . . . . . o . . |:13
:| . . . . . . . . . . . . . . . . . . . . . . . . . . . . . . . . . . . . . . . .|:14
:|. o . . . . . . . . . . . . . . . . . . . . . . . . . . . . . . . . . . . . o . |:15
:| . . . . . . . . . . . . . . . . . . . . . . . . . . . . . . . . . . . . . . . .|:16
:|. o . . . . . . . . . . . . . . . . . . . . . . . . . . . . . . . . . . . . o . |:17
:| . . . . . . . . . . . . . . . . . . . . . . . . . . . . . . . . . . . . . . . .|:18
:|. o . . . . . . . . . . . . . . . . . . . . . . . . . . . . . . . . . . . . o . |:19
:| . . . . . . . . . . . . . . . . . . . . . . . . . . . . . . . . . . . . . . . .|:20
:|. o . . . . . . . . . . . . . . . . . . . . . . . . . . . . . . . . . . . . o . |:21
:| . . . . . . . . . . . . . . . . . . . . . . . . . . . . . . . . . . . . . . . .|:22
:|. o . . . . . . . . . . . . . . . . . . . . . . . . . . . . . . . . . . . . o . |:23
:| . . . . . . . . . . . . . . . . . . . . . . . . . . . . . . . . . . . . . . . .|:24
:|. o . . . . . . . . . . . . . . . . . . . . . . . . . . . . . . . . . . . . o . |:25
:| . . . . . . . . . . . . . . . . . . . . . . . . . . . . . . . . . . . . . . . .|:26
:|. . o . . . . . . . . . . . . . . . . . . . . . . . . . . . . . . . . . . o . . |:27
:| . o . . . . . . . . . . . . . . . . . . . . . . . . . . . . . . . . . . . o . .|:28
:|. . . o . . . . . . . . . . . . . . . . . . . . . . . . . . . . . . . . o . . . |:29
:| . . o . . . . . . . . . . . . . . . . . . . . . . . . . . . . . . . . . o . . .|:30
:|. . . . o . . . . . . . . . . . . . . . . . . . . . . . . . . . . . . o . . . . |:31
:| . . . . o . . . . . . . . . . . . . . . . . . . . . . . . . . . . . o . . . . .|:32
:|. . . . . o o . . . . . . . . . . . . . . . . . . . . . . . . . . o o . . . . . |:33
:| . . . . . o o . . . . . . . . . . . . . . . . . . . . . . . . . o o . . . . . .|:34
:|. . . . . . . o o . . . . . . . . . . . . . . . . . . . . . . o o . . . . . . . |:35
:| . . . . . . . . o . . . . . . . . . . . . . . . . . . . . . o . . . . . . . . .|:36
:|. . . . . . . . . . o o . . . . . . . . . . . . . . . . o o . . . . . . . . . . |:37
:| . . . . . . . . . . . o o . . . . . . . . . . . . . o o . . . . . . . . . . . .|:38
:|. . . . . . . . . . . . . . . . . . . . . . . . . . . . . . . . . . . . . . . . |:39
:| . . . . . . . . . . . . . . . . . . . . . . . . . . . . . . . . . . . . . . . .|:40
:|________________________________________________________________________________|:
:| 1 2 3 4 5 6 7 8 9 0 1 2 3 4 5 6 7 8 9 0 1 2 3 4 5 6 7 8 9 0 1 2 3 4 5 6 7 8 9 0|:

took:0.01 size:18
:|1 2 3 4 5 6 7 8 9 0 1 2 3 4 5 6 7 8 9 0 1 2 3 4 5 6 7 8 9 0 1 2 3 4 5 6 7 8 9 0 |:
:|________________________________________________________________________________|:
:|. . . . . . . . . . . . . . . . . . . . . . . . . . . . . . . . . . . . . . . . |:1
:| . . . . . . . . . . . . . . . . . . . . . . . . . . . . . . . . . . . . . . . .|:2
:|. . . . . . . . . . . . . . . . . . . . . . . . . . . . . . . . . . . . . . . . |:3
:| . . . . . . . . . . . . . . . . . . . . . . . . . . . . . . . . . . . . . . . .|:4
:|. . . . . . . . . . . . . . . . . . . . . . . . . . . . . . . . . . . . . . . . |:5
:| . . . . . . . . . . . . . . . . . . . . . . . . . . . . . . . . . . . . . . . .|:6
:|. . . . . . . . . . . . . . . . . . . . . . . . . . . . . . . . . . . . . . . . |:7
:| . . . . . . . . . . . . . . . . . . . . . . . . . . . . . . . . . . . . . . . .|:8
:|. . . . . . . . . . . . . . . . . . . . . . . . . . . . . . . . . . . . . . . . |:9
:| . . . . . . . . . . . . . . . . . . . . . . . . . . . . . . . . . . . . . . . .|:10
:|. . . . . . . . . . . . . . . . . . . . . . . . . . . . . . . . . . . . . . . . |:11
:| . . . . . . . . . . . . . . . . . . . . . . . . . . . . . . . . . . . . . . . .|:12
:|. . . . . . . . . . . . . . . . . . . . . . . . . . . . . . . . . . . . . . . . |:13
:| . . . . . . . . . . . . . . . . . . . . . . . . . . . . . . . . . . . . . . . .|:14
:|. . . . . . . . . . . . . . . . . . . . . . . . . . . . . . . . . . . . . . . . |:15
:| . . . . . . . . . . . . . . . . . . . . . . . . . . . . . . . . . . . . . . . .|:16
:|. . . . . . . . . . . . . . . . . . . . . . . . . . . . . . . . . . . . . . . . |:17
:| . . . . . . . . . . . . . . . . . . . . . . . . . . . . . . . . . . . . . . . .|:18
:|. . . . . . . . . . . . . . . . . . . . . . . . . . . . . . . . . . . . . . . . |:19
:| . . . . . . . . . . . . . . . . . . . . . . . . . . . . . . . . . . . . . . . .|:20
:|. . . . . . . . . . . . . . . . . . . . . . . . . . . . . . . . . . . . . . . . |:21
:| . . . . . . . . . . . . . . . . . . . . . . . . . . . . . . . . . . . . . . . .|:22
:|. . . . . . . . . . . . . . . . . . . . . . . . . . . . . . . . . . . . . . . . |:23
:| . . . . . . . . . . . . . . . . . . . . . . . . . . . . . . . . . . . . . . . .|:24
:|. . . . . . . . . . . . . . . . . . . . . . . . . . . . . . . . . . . . . . . . |:25
:| . . . . . . . . . . . . . . . . . . . . . . . . . . . . . . . . . . . . . . . .|:26
:|. . . . . . . . . . . . . . . . . . . . . . . . . . . . . . . . . . . . . . . . |:27
:| . . . . . . . . . . . . . . . . . . . . . . . . . . . . . . . . . . . . . . . .|:28
:|. . . . . . . . . . . . . . . . . . . . . . . . . . . . . . . . . . . . . . . . |:29
:| . . . . . . . . . . . . . . . . . . . . . . . . . . . . . . . . . . . . . . . .|:30
:|. . . . . . . . . . . . . . . . . . . . . . . . . . . . . . . . . . . . . . . . |:31
:| . . . . . . . . . . . . . . . . . . . . . . . . . . . . . . . . . . . . . . . .|:32
:|. . . . . . . . . . . . . . . . . . . . . . . . . . . . . . . . . . . . . . . . |:33
:| . . . . . . . . . . . . . . . . . . . . . . . . . . . . . . . . . . . . . . . .|:34
:|. . . . . . . . . . . . . . . . . . . . . . . . . . . . . . . . . . . . . . . . |:35
:| . . . . . . . . . . . . . . . . . . . . . . . . . . . . . . . . . . . . . . . .|:36
:|. . . . . . . . . . . . . . . . . . . . . . . . . . . . . . . . . . . . . . . . |:37
:| . . . . . . . . . . . . . . . . . . . . . . . . . . . . . . . . . . . . . . . .|:38
:|. . . . . . . . . . . . . . . . . . . . . . . . . . . . . . . . . . . . . . . . |:39
:| . . . . . . . . . . . . . . . . . . . . . . . . . . . . . . . . . . . . . . . .|:40
:|________________________________________________________________________________|:
:| 1 2 3 4 5 6 7 8 9 0 1 2 3 4 5 6 7 8 9 0 1 2 3 4 5 6 7 8 9 0 1 2 3 4 5 6 7 8 9 0|:

took:0.01 size:19
