make a a circle
:|1 2 3 4 5 6 7 8 9 0 1 2 3 4 5 6 7 8 9 0 1 2 3 4 5 6 7 8 9 0 |:
:|____________________________________________________________|:
:|. . . . . . . . . . . . . . . . . . . . . . . . . . . . . . |:1
:| . . . . . . . ooooooooooooooooooooooooooooo . . . . . . . .|:2
:|. . . . . . .ooooooooooooooooooooooooooooooooo. . . . . . . |:3
:| . . . . ooooooooooooooooooooooooooooooooooooooooo . . . . .|:4
:|. . . .oooooooooooooo . . . . . . . . oooooooooooooo. . . . |:5
:| . . . oooooooooo. . . . . . . . . . . . .oooooooooo . . . .|:6
:|. . .oooooooooo . . . . . . . . . . . . . . oooooooooo. . . |:7
:| . oooooooooo. . . . . . . . . . . . . . . . .oooooooooo . .|:8
:|. .oooooooo . . . . . . . . . . . . . . . . . . oooooooo. . |:9
:| .ooooooooo. . . . . . . . . . . . . . . . . . .ooooooooo. .|:10
:|. ooooooo . . . . . . . . . . . . . . . . . . . . ooooooo . |:11
:| .ooooooo. . . . . . . . . . . . . . . . . . . . .ooooooo. .|:12
:|. ooooooo . . . . . . . . . . . . . . . . . . . . ooooooo . |:13
:| .ooooooo. . . . . . . . . . . . . . . . . . . . .ooooooo. .|:14
:|. ooooooo . . . . . . . . . . . . . . . . . . . . ooooooo . |:15
:| .ooooooo. . . . . . . . . . . . . . . . . . . . .ooooooo. .|:16
:|. ooooooo . . . . . . . . . . . . . . . . . . . . ooooooo . |:17
:| .ooooooo. . . . . . . . . . . . . . . . . . . . .ooooooo. .|:18
:|. ooooooo . . . . . . . . . . . . . . . . . . . . ooooooo . |:19
:| .ooooooooo. . . . . . . . . . . . . . . . . . .ooooooooo. .|:20
:|. .oooooooo . . . . . . . . . . . . . . . . . . oooooooo. . |:21
:| . oooooooooo. . . . . . . . . . . . . . . . .oooooooooo . .|:22
:|. . .oooooooooo . . . . . . . . . . . . . . oooooooooo. . . |:23
:| . . . oooooooooo. . . . . . . . . . . . .oooooooooo . . . .|:24
:|. . . .oooooooooooooo . . . . . . . . oooooooooooooo. . . . |:25
:| . . . . ooooooooooooooooooooooooooooooooooooooooo . . . . .|:26
:|. . . . . . .ooooooooooooooooooooooooooooooooo. . . . . . . |:27
:| . . . . . . . ooooooooooooooooooooooooooooo . . . . . . . .|:28
:|. . . . . . . . . . . . . . . . . . . . . . . . . . . . . . |:29
:| . . . . . . . . . . . . . . . . . . . . . . . . . . . . . .|:30
:|____________________________________________________________|:
:| 1 2 3 4 5 6 7 8 9 0 1 2 3 4 5 6 7 8 9 0 1 2 3 4 5 6 7 8 9 0|:

