make a line increasing in size and changing directions
:|1 2 3 4 5 6 7 8 9 0 |:
:|____________________|:
:|. . . . . . . . . . |:1
:| . . . . . . . . . .|:2
:|. . . . . . . . . . |:3
:| . . . . . . . . . .|:4
:|. . . . . . . . . . |:5
:| . . . . . . . . . .|:6
:|. . . . . h . . . . |:7
:| . . . . . . . . . .|:8
:|____________________|:
:| 1 2 3 4 5 6 7 8 9 0|:

:|1 2 3 4 5 6 7 8 9 0 |:
:|____________________|:
:|. . . . . . . . . . |:1
:| . . . . . . . . . .|:2
:|. . . . . . . . . . |:3
:| . . . . . . . . . .|:4
:|. . . . . . . . . . |:5
:| . . . . . . . . . .|:6
:|. . . . . . h . . . |:7
:| . . . . . . e . . .|:8
:|____________________|:
:| 1 2 3 4 5 6 7 8 9 0|:

:|1 2 3 4 5 6 7 8 9 0 |:
:|____________________|:
:|. . . . . . . . . . |:1
:| . . . . . . . . . .|:2
:|. . . . . . . . . . |:3
:| . . . . . . . . . .|:4
:|. . . . . . . . . . |:5
:| . . . . . . h e l .|:6
:|. . . . . . . . . . |:7
:| . . . . . . . . . .|:8
:|____________________|:
:| 1 2 3 4 5 6 7 8 9 0|:

:|1 2 3 4 5 6 7 8 9 0 |:
:|____________________|:
:|. . . . . . . . . . |:1
:| . . . . . . . l . .|:2
:|. . . . . . . l . . |:3
:| . . . . . . e . . .|:4
:|. . . . . . h . . . |:5
:| . . . . . . . . . .|:6
:|. . . . . . . . . . |:7
:| . . . . . . . . . .|:8
:|____________________|:
:| 1 2 3 4 5 6 7 8 9 0|:

:|1 2 3 4 5 6 7 8 9 0 |:
:|____________________|:
:|. . . o . . . . . . |:1
:| . . . l . . . . . .|:2
:|. . . . l . . . . . |:3
:| . . . . e . . . . .|:4
:|. . . . . h . . . . |:5
:| . . . . . . . . . .|:6
:|. . . . . . . . . . |:7
:| . . . . . . . . . .|:8
:|____________________|:
:| 1 2 3 4 5 6 7 8 9 0|:

:|1 2 3 4 5 6 7 8 9 0 |:
:|____________________|:
:|. . . . . . . . . . |:1
:| . . . . . . . . . .|:2
:|. . . . . . . . . . |:3
:| . . . . . . . . . .|:4
:|. . . . . . . . . . |:5
:| o l l e h . . . .  |:6
:|. . . . . . . . . . |:7
:| . . . . . . . . . .|:8
:|____________________|:
:| 1 2 3 4 5 6 7 8 9 0|:

